2024-01-12 09:12:17,707 INFO p.MainUI [AWT-EventQueue-0] Selected item: Kraków, Zakopiańska 107 BP na indexie: 1
2024-01-12 09:12:17,711 INFO p.MainUI [AWT-EventQueue-0] Link do wybranej stacji: /stacje-paliw/bp/bp-zakopianska-107-krakow/
2024-01-12 09:12:17,714 INFO p.ScrapingStation [AWT-EventQueue-0] Tutaj jest adres: https://www.autocentrum.pl/stacje-paliw/bp/bp-zakopianska-107-krakow/
2024-01-12 09:12:18,570 INFO p.ScrapingStation [AWT-EventQueue-0] Tutaj znajduje sie zmienna prices: <div class="station-detail-wrapper pb text-center">
 <h2 class="fuel-header primary-header">95</h2>
 <div class="price">
  6,23 <span>zł</span>
 </div>
 <div class="date">
  4 dni temu
 </div>
</div>
<div class="station-detail-wrapper pbp text-center premium">
 <h2 class="fuel-header primary-header">Ultimate 98</h2>
 <div class="price">
  6,44 <span>zł</span>
 </div>
 <div class="date">
  2 miesiące temu
 </div>
</div>
<div class="station-detail-wrapper on text-center">
 <h2 class="fuel-header primary-header">ON</h2>
 <div class="price">
  6,65 <span>zł</span>
 </div>
 <div class="date">
  1 miesiąc temu
 </div>
</div>
<div class="station-detail-wrapper lpg text-center">
 <h2 class="fuel-header primary-header">LPG</h2>
 <div class="price">
  2,88 <span>zł</span>
 </div>
 <div class="date">
  wczoraj
 </div>
</div>
2024-01-12 09:12:18,571 INFO p.ScrapingStation [AWT-EventQueue-0] Tutaj jest tytuł: 95 oraz cena: 6,23 zł
2024-01-12 09:12:18,572 INFO p.ScrapingStation [AWT-EventQueue-0] Tutaj jest tytuł: Ultimate 98 oraz cena: 6,44 zł
2024-01-12 09:12:18,572 INFO p.ScrapingStation [AWT-EventQueue-0] Tutaj jest tytuł: ON oraz cena: 6,65 zł
2024-01-12 09:12:18,572 INFO p.ScrapingStation [AWT-EventQueue-0] Tutaj jest tytuł: LPG oraz cena: 2,88 zł
2024-01-12 09:12:44,000 INFO p.MainUI [SwingWorker-pool-2-thread-2] Wprowadzona wartość tekstowego: gfhgmjh
2024-01-12 09:12:44,002 INFO p.ScrapingClass [Thread-1] Wartosc adresu: gfhgmjh
2024-01-12 09:12:44,868 FATAL p.WebScraping [Thread-1] Nieprawidlowosci w wyszukiwanym adresie. Brak mozliwosci sprawdzenia danych!
2024-01-12 09:12:44,868 INFO p.WebScraping [Thread-1] Liczba stron: 0
2024-01-12 09:12:44,868 FATAL p.WebScraping [Thread-1] Brak mozliwych do uzyskania danych. Liczba stron jesst <= od 0
2024-01-12 09:12:44,868 INFO p.ScrapingClass [Thread-1] Sprawdzenie addressNames w klasie ScrapingClass: []
2024-01-12 09:12:46,520 INFO p.MainUI [SwingWorker-pool-2-thread-2] Okno z wiadomością o braku danych
2024-01-12 09:12:46,521 INFO p.MainUI [SwingWorker-pool-2-thread-2] Sprawdzenie addresList: []
2024-01-12 09:13:13,932 INFO p.MainUI [SwingWorker-pool-2-thread-3] Wprowadzona wartość tekstowego: 
2024-01-12 09:13:13,934 INFO p.ScrapingClass [Thread-2] Wartosc adresu: 
2024-01-12 09:13:14,046 INFO p.WebScraping [Thread-2] Liczba stron: 10
2024-01-12 09:13:14,047 INFO p.WebScraping [Thread-2] Numer storny: 1
2024-01-12 09:13:14,078 DEBUG p.WebScraping [Thread-2] Station Link: /stacje-paliw/pkn-orlen/pkn-orlen-jozefa-wybickiego-3a-krakow/
2024-01-12 09:13:14,079 DEBUG p.WebScraping [Thread-2] Nazwy stacji: Kraków, Józefa Wybickiego 3A PKN ORLEN
2024-01-12 09:13:14,079 DEBUG p.WebScraping [Thread-2] Station Link: /stacje-paliw/bp/bp-zakopianska-107-krakow/
2024-01-12 09:13:14,079 DEBUG p.WebScraping [Thread-2] Nazwy stacji: Kraków, Zakopiańska 107 BP
2024-01-12 09:13:14,080 DEBUG p.WebScraping [Thread-2] Station Link: /stacje-paliw/lotos/lotos-dk7-opolska-5-krakow/
2024-01-12 09:13:14,080 DEBUG p.WebScraping [Thread-2] Nazwy stacji: Kraków, DK7 (Opolska 5) Lotos
2024-01-12 09:13:14,080 DEBUG p.WebScraping [Thread-2] Station Link: /stacje-paliw/pkn-orlen/pkn-orlen-wielicka-21-krakow/
2024-01-12 09:13:14,081 DEBUG p.WebScraping [Thread-2] Nazwy stacji: Kraków, Wielicka 21 PKN ORLEN
2024-01-12 09:13:14,081 DEBUG p.WebScraping [Thread-2] Station Link: /stacje-paliw/pkn-orlen/pkn-orlen-os-wandy-30a-krakow/
2024-01-12 09:13:14,081 DEBUG p.WebScraping [Thread-2] Nazwy stacji: Kraków, os. Wandy 30a PKN ORLEN
2024-01-12 09:13:14,081 DEBUG p.WebScraping [Thread-2] Station Link: /stacje-paliw/valdi/valdi-nad-dlubnia-2-krakow/
2024-01-12 09:13:14,082 DEBUG p.WebScraping [Thread-2] Nazwy stacji: Kraków, Nad Dłubnią 2 VALDI
2024-01-12 09:13:14,082 DEBUG p.WebScraping [Thread-2] Station Link: /stacje-paliw/arge/arge-powstancow-wielkopolskich-13-krakow/
2024-01-12 09:13:14,082 DEBUG p.WebScraping [Thread-2] Nazwy stacji: Kraków, Powstańców Wielkopolskich 13 Arge
2024-01-12 09:13:14,082 DEBUG p.WebScraping [Thread-2] Station Link: /stacje-paliw/lotos/lotos-aleja-pokoju-91-krakow/
2024-01-12 09:13:14,083 DEBUG p.WebScraping [Thread-2] Nazwy stacji: Kraków, Aleja Pokoju 91 Lotos
2024-01-12 09:13:14,083 DEBUG p.WebScraping [Thread-2] Station Link: /stacje-paliw/shell/shell-jana-pawla-ii-186-krakow/
2024-01-12 09:13:14,083 DEBUG p.WebScraping [Thread-2] Nazwy stacji: Kraków, Jana Pawła II 186 Shell
2024-01-12 09:13:14,083 DEBUG p.WebScraping [Thread-2] Station Link: /stacje-paliw/circle-k-statoil/circle-k-statoil-aleja-jana-pawla-ii-200-krakow/
2024-01-12 09:13:14,084 DEBUG p.WebScraping [Thread-2] Nazwy stacji: Kraków, Aleja Jana Pawła II 200 Circle K (Statoil)
2024-01-12 09:13:14,084 DEBUG p.WebScraping [Thread-2] Station Link: /stacje-paliw/circle-k-statoil/circle-k-statoil-lublanska-16a-krakow/
2024-01-12 09:13:14,084 DEBUG p.WebScraping [Thread-2] Nazwy stacji: Kraków, Lublańska 16A Circle K (Statoil)
2024-01-12 09:13:14,084 DEBUG p.WebScraping [Thread-2] Station Link: /stacje-paliw/circle-k-statoil/circle-k-statoil-powstancow-wielkopolskich-17-krakow/
2024-01-12 09:13:14,085 DEBUG p.WebScraping [Thread-2] Nazwy stacji: Kraków, Powstańców Wielkopolskich 17 Circle K (Statoil)
2024-01-12 09:13:14,085 DEBUG p.WebScraping [Thread-2] Station Link: /stacje-paliw/lotos-optima/lotos-optima-nowohucka-17-krakow/
2024-01-12 09:13:14,085 DEBUG p.WebScraping [Thread-2] Nazwy stacji: Kraków, Nowohucka 17 LOTOS Optima
2024-01-12 09:13:14,086 DEBUG p.WebScraping [Thread-2] Station Link: /stacje-paliw/moya/moya-feliksa-wrobela-35-krakow/
2024-01-12 09:13:14,086 DEBUG p.WebScraping [Thread-2] Nazwy stacji: Kraków, Feliksa Wrobela 35 MOYA
2024-01-12 09:13:14,086 DEBUG p.WebScraping [Thread-2] Station Link: /stacje-paliw/bp/bp-aleja-bora-komorowskiego-39-krakow/
2024-01-12 09:13:14,086 DEBUG p.WebScraping [Thread-2] Nazwy stacji: Kraków, Aleja Bora-Komorowskiego 39 BP
2024-01-12 09:13:14,086 INFO p.WebScraping [Thread-2] Link z adresu w tablicy: [/stacje-paliw/pkn-orlen/pkn-orlen-jozefa-wybickiego-3a-krakow/, /stacje-paliw/bp/bp-zakopianska-107-krakow/, /stacje-paliw/lotos/lotos-dk7-opolska-5-krakow/, /stacje-paliw/pkn-orlen/pkn-orlen-wielicka-21-krakow/, /stacje-paliw/pkn-orlen/pkn-orlen-os-wandy-30a-krakow/, /stacje-paliw/valdi/valdi-nad-dlubnia-2-krakow/, /stacje-paliw/arge/arge-powstancow-wielkopolskich-13-krakow/, /stacje-paliw/lotos/lotos-aleja-pokoju-91-krakow/, /stacje-paliw/shell/shell-jana-pawla-ii-186-krakow/, /stacje-paliw/circle-k-statoil/circle-k-statoil-aleja-jana-pawla-ii-200-krakow/, /stacje-paliw/circle-k-statoil/circle-k-statoil-lublanska-16a-krakow/, /stacje-paliw/circle-k-statoil/circle-k-statoil-powstancow-wielkopolskich-17-krakow/, /stacje-paliw/lotos-optima/lotos-optima-nowohucka-17-krakow/, /stacje-paliw/moya/moya-feliksa-wrobela-35-krakow/, /stacje-paliw/bp/bp-aleja-bora-komorowskiego-39-krakow/]
2024-01-12 09:13:14,086 INFO p.WebScraping [Thread-2] Nazwa z adresu w tablicy: [Kraków, Józefa Wybickiego 3A PKN ORLEN, Kraków, Zakopiańska 107 BP, Kraków, DK7 (Opolska 5) Lotos, Kraków, Wielicka 21 PKN ORLEN, Kraków, os. Wandy 30a PKN ORLEN, Kraków, Nad Dłubnią 2 VALDI, Kraków, Powstańców Wielkopolskich 13 Arge, Kraków, Aleja Pokoju 91 Lotos, Kraków, Jana Pawła II 186 Shell, Kraków, Aleja Jana Pawła II 200 Circle K (Statoil), Kraków, Lublańska 16A Circle K (Statoil), Kraków, Powstańców Wielkopolskich 17 Circle K (Statoil), Kraków, Nowohucka 17 LOTOS Optima, Kraków, Feliksa Wrobela 35 MOYA, Kraków, Aleja Bora-Komorowskiego 39 BP]
2024-01-12 09:13:14,087 INFO p.WebScraping [Thread-2] Numer storny: 2
2024-01-12 09:13:14,124 DEBUG p.WebScraping [Thread-2] Station Link: /stacje-paliw/pkn-orlen/pkn-orlen-zakopianska-58-krakow/
2024-01-12 09:13:14,124 DEBUG p.WebScraping [Thread-2] Nazwy stacji: Kraków, Zakopiańska 58 PKN ORLEN
2024-01-12 09:13:14,124 DEBUG p.WebScraping [Thread-2] Station Link: /stacje-paliw/krak-tar/krak-tar-ujastek-11-krakow/
2024-01-12 09:13:14,125 DEBUG p.WebScraping [Thread-2] Nazwy stacji: Kraków, Ujastek 11 KRAK-TAR
2024-01-12 09:13:14,125 DEBUG p.WebScraping [Thread-2] Station Link: /stacje-paliw/pkn-orlen/pkn-orlen-erazma-jerzmanowskiego-39-krakow/
2024-01-12 09:13:14,125 DEBUG p.WebScraping [Thread-2] Nazwy stacji: Kraków, Erazma Jerzmanowskiego 39 PKN ORLEN
2024-01-12 09:13:14,125 DEBUG p.WebScraping [Thread-2] Station Link: /stacje-paliw/tesco/tesco-kapelanka-54-krakow/
2024-01-12 09:13:14,125 DEBUG p.WebScraping [Thread-2] Nazwy stacji: Kraków, Kapelanka 54 Tesco
2024-01-12 09:13:14,125 DEBUG p.WebScraping [Thread-2] Station Link: /stacje-paliw/arge/arge-opolska-60-krakow/
2024-01-12 09:13:14,126 DEBUG p.WebScraping [Thread-2] Nazwy stacji: Kraków, Opolska 60 Arge
2024-01-12 09:13:14,126 DEBUG p.WebScraping [Thread-2] Station Link: /stacje-paliw/bp/bp-malborska-1-krakow/
2024-01-12 09:13:14,126 DEBUG p.WebScraping [Thread-2] Nazwy stacji: Kraków, Malborska 1 BP
2024-01-12 09:13:14,126 DEBUG p.WebScraping [Thread-2] Station Link: /stacje-paliw/pkn-orlen/pkn-orlen-jasnogorska-2b-krakow/
2024-01-12 09:13:14,127 DEBUG p.WebScraping [Thread-2] Nazwy stacji: Kraków, Jasnogórska 2B PKN ORLEN
2024-01-12 09:13:14,127 DEBUG p.WebScraping [Thread-2] Station Link: /stacje-paliw/pkn-orlen/pkn-orlen-stefana-grota-roweckiego-33-krakow/
2024-01-12 09:13:14,127 DEBUG p.WebScraping [Thread-2] Nazwy stacji: Kraków, Stefana Grota-Roweckiego 33 PKN ORLEN
