2024-01-03 12:20:20,208 INFO MainUI [AWT-EventQueue-0] Zmieniono rozmiar, aktualny: 600
2024-01-03 12:20:20,210 DEBUG MainUI [AWT-EventQueue-0] Rozmiar HeaderAddressInput na: 18
2024-01-03 12:20:23,948 INFO MainUI [AWT-EventQueue-0] Wprowadzona wartosc tekstowa z MainUI: kapelanka
2024-01-03 12:20:24,345 INFO WebScrapping [Thread-0] Liczba stron: 1
2024-01-03 12:20:24,347 INFO WebScrapping [Thread-0] Numer storny: 1
2024-01-03 12:20:24,395 DEBUG WebScrapping [Thread-0] Station Link: /stacje-paliw/tesco/tesco-kapelanka-54-krakow/
2024-01-03 12:20:24,395 DEBUG WebScrapping [Thread-0] Station Link: /stacje-paliw/tesco/tesco-kapelanka-54-krakow/
2024-01-03 12:20:24,397 DEBUG WebScrapping [Thread-0] Nazwy stacji: Kraków, Kapelanka 54 Tesco
2024-01-03 12:20:24,399 DEBUG WebScrapping [Thread-0] Station Link: /stacje-paliw/r8/r8-kapelanka-30-krakow/
2024-01-03 12:20:24,399 DEBUG WebScrapping [Thread-0] Station Link: /stacje-paliw/r8/r8-kapelanka-30-krakow/
2024-01-03 12:20:24,399 DEBUG WebScrapping [Thread-0] Nazwy stacji: Kraków, Kapelanka 30 R8
2024-01-03 12:20:24,399 DEBUG WebScrapping [Thread-0] Station Link: /stacje-paliw/lotos-optima/lotos-optima-kapelanka-14-krakow/
2024-01-03 12:20:24,399 DEBUG WebScrapping [Thread-0] Station Link: /stacje-paliw/lotos-optima/lotos-optima-kapelanka-14-krakow/
2024-01-03 12:20:24,399 DEBUG WebScrapping [Thread-0] Nazwy stacji: Kraków, Kapelanka 14 LOTOS Optima
2024-01-03 12:20:24,399 DEBUG WebScrapping [Thread-0] Station Link: /stacje-paliw/bp/bp-kapelanka-2-krakow/
2024-01-03 12:20:24,399 DEBUG WebScrapping [Thread-0] Station Link: /stacje-paliw/bp/bp-kapelanka-2-krakow/
2024-01-03 12:20:24,400 DEBUG WebScrapping [Thread-0] Nazwy stacji: Kraków, Kapelanka 2 BP
2024-01-03 12:20:24,400 DEBUG WebScrapping [Thread-0] Station Link: /stacje-paliw/shell/shell-kapelanka-30-krakow/
2024-01-03 12:20:24,400 DEBUG WebScrapping [Thread-0] Station Link: /stacje-paliw/shell/shell-kapelanka-30-krakow/
2024-01-03 12:20:24,400 DEBUG WebScrapping [Thread-0] Nazwy stacji: Kraków, Kapelanka 30 Shell
2024-01-03 12:20:24,400 INFO WebScrapping [Thread-0] Link z adresu w tablicy: [/stacje-paliw/tesco/tesco-kapelanka-54-krakow/, /stacje-paliw/r8/r8-kapelanka-30-krakow/, /stacje-paliw/lotos-optima/lotos-optima-kapelanka-14-krakow/, /stacje-paliw/bp/bp-kapelanka-2-krakow/, /stacje-paliw/shell/shell-kapelanka-30-krakow/]
2024-01-03 12:20:24,400 INFO WebScrapping [Thread-0] Nazwa z adresu w tablicy: [Kraków, Kapelanka 54 Tesco, Kraków, Kapelanka 30 R8, Kraków, Kapelanka 14 LOTOS Optima, Kraków, Kapelanka 2 BP, Kraków, Kapelanka 30 Shell]
2024-01-03 12:20:24,400 INFO ScrappingClass [Thread-0] Program pomyślnie zakończył działanie
2024-01-03 12:20:24,401 INFO MainUI [AWT-EventQueue-0] Sprawdzenie addresList z ScrappingClass: [Kraków, Kapelanka 54 Tesco, Kraków, Kapelanka 30 R8, Kraków, Kapelanka 14 LOTOS Optima, Kraków, Kapelanka 2 BP, Kraków, Kapelanka 30 Shell]
2024-01-03 12:21:30,782 INFO MainUI [AWT-EventQueue-0] Zmieniono rozmiar, aktualny: 600
2024-01-03 12:21:30,784 DEBUG MainUI [AWT-EventQueue-0] Rozmiar HeaderAddressInput na: 18
2024-01-03 12:21:30,796 INFO MainUI [AWT-EventQueue-0] Zmieniono rozmiar, aktualny: 600
2024-01-03 12:21:30,796 DEBUG MainUI [AWT-EventQueue-0] Rozmiar HeaderAddressInput na: 18
2024-01-03 12:21:40,783 INFO MainUI [AWT-EventQueue-0] Wprowadzona wartosc tekstowa z MainUI: 
2024-01-03 12:21:41,113 INFO WebScrapping [Thread-0] Liczba stron: 10
2024-01-03 12:21:41,114 INFO WebScrapping [Thread-0] Numer storny: 1
2024-01-03 12:21:41,153 DEBUG WebScrapping [Thread-0] Station Link: /stacje-paliw/lotos/lotos-gen-leopolda-okulickiego-61-krakow/
2024-01-03 12:21:41,153 DEBUG WebScrapping [Thread-0] Station Link: /stacje-paliw/lotos/lotos-gen-leopolda-okulickiego-61-krakow/
2024-01-03 12:21:41,154 DEBUG WebScrapping [Thread-0] Nazwy stacji: Kraków, Gen. Leopolda Okulickiego 61 Lotos
2024-01-03 12:21:41,154 DEBUG WebScrapping [Thread-0] Station Link: /stacje-paliw/pkn-orlen/pkn-orlen-autostrada-a4-kierunek-krakow-jaworzno/
2024-01-03 12:21:41,154 DEBUG WebScrapping [Thread-0] Station Link: /stacje-paliw/pkn-orlen/pkn-orlen-autostrada-a4-kierunek-krakow-jaworzno/
2024-01-03 12:21:41,154 DEBUG WebScrapping [Thread-0] Nazwy stacji: Jaworzno, Autostrada A4, kierunek Kraków PKN ORLEN
2024-01-03 12:21:41,154 WARN WebScrapping [Thread-0] Stacja nie znajduje sie w Krakowie
2024-01-03 12:21:41,154 DEBUG WebScrapping [Thread-0] Station Link: /stacje-paliw/pkn-orlen/pkn-orlen-zawila-62-krakow/
2024-01-03 12:21:41,155 DEBUG WebScrapping [Thread-0] Station Link: /stacje-paliw/pkn-orlen/pkn-orlen-zawila-62-krakow/
2024-01-03 12:21:41,155 DEBUG WebScrapping [Thread-0] Nazwy stacji: Kraków, Zawiła 62 PKN ORLEN
2024-01-03 12:21:41,155 DEBUG WebScrapping [Thread-0] Station Link: /stacje-paliw/moya/moya-kornela-makuszynskiego-26-krakow/
2024-01-03 12:21:41,155 DEBUG WebScrapping [Thread-0] Station Link: /stacje-paliw/moya/moya-kornela-makuszynskiego-26-krakow/
2024-01-03 12:21:41,155 DEBUG WebScrapping [Thread-0] Nazwy stacji: Kraków, Kornela Makuszyńskiego 26 MOYA
2024-01-03 12:21:41,155 DEBUG WebScrapping [Thread-0] Station Link: /stacje-paliw/circle-k-1-2-3/circle-k-1-2-3-statoil-siewna-28-krakow/
2024-01-03 12:21:41,156 DEBUG WebScrapping [Thread-0] Station Link: /stacje-paliw/circle-k-1-2-3/circle-k-1-2-3-statoil-siewna-28-krakow/
2024-01-03 12:21:41,156 DEBUG WebScrapping [Thread-0] Nazwy stacji: Kraków, Siewna 28 Circle K 1-2-3
2024-01-03 12:21:41,156 DEBUG WebScrapping [Thread-0] Station Link: /stacje-paliw/pkn-orlen/pkn-orlen-erazma-jerzmanowskiego-39-krakow/
2024-01-03 12:21:41,156 DEBUG WebScrapping [Thread-0] Station Link: /stacje-paliw/pkn-orlen/pkn-orlen-erazma-jerzmanowskiego-39-krakow/
2024-01-03 12:21:41,156 DEBUG WebScrapping [Thread-0] Nazwy stacji: Kraków, Erazma Jerzmanowskiego 39 PKN ORLEN
2024-01-03 12:21:41,156 DEBUG WebScrapping [Thread-0] Station Link: /stacje-paliw/circle-k-statoil/circle-k-statoil-wielicka-183-krakow/
2024-01-03 12:21:41,156 DEBUG WebScrapping [Thread-0] Station Link: /stacje-paliw/circle-k-statoil/circle-k-statoil-wielicka-183-krakow/
2024-01-03 12:21:41,156 DEBUG WebScrapping [Thread-0] Nazwy stacji: Kraków, Wielicka 183 Circle K (Statoil)
2024-01-03 12:21:41,157 DEBUG WebScrapping [Thread-0] Station Link: /stacje-paliw/circle-k-statoil/circle-k-statoil-powstancow-wielkopolskich-17-krakow/
2024-01-03 12:21:41,157 DEBUG WebScrapping [Thread-0] Station Link: /stacje-paliw/circle-k-statoil/circle-k-statoil-powstancow-wielkopolskich-17-krakow/
2024-01-03 12:21:41,157 DEBUG WebScrapping [Thread-0] Nazwy stacji: Kraków, Powstańców Wielkopolskich 17 Circle K (Statoil)
2024-01-03 12:21:41,157 DEBUG WebScrapping [Thread-0] Station Link: /stacje-paliw/circle-k-1-2-3/circle-k-1-2-3-statoil-bialoruska-11a-krakow/
2024-01-03 12:21:41,157 DEBUG WebScrapping [Thread-0] Station Link: /stacje-paliw/circle-k-1-2-3/circle-k-1-2-3-statoil-bialoruska-11a-krakow/
2024-01-03 12:21:41,157 DEBUG WebScrapping [Thread-0] Nazwy stacji: Kraków, Białoruska 11a Circle K 1-2-3
2024-01-03 12:21:41,157 DEBUG WebScrapping [Thread-0] Station Link: /stacje-paliw/auchan/auchan-henryka-kamienskiego-11-krakow/
2024-01-03 12:21:41,157 DEBUG WebScrapping [Thread-0] Station Link: /stacje-paliw/auchan/auchan-henryka-kamienskiego-11-krakow/
2024-01-03 12:21:41,157 DEBUG WebScrapping [Thread-0] Nazwy stacji: Kraków, Henryka Kamieńskiego 11 Auchan
2024-01-03 12:21:41,157 DEBUG WebScrapping [Thread-0] Station Link: /stacje-paliw/carrefour/carrefour-mieczyslawa-medweckiego-2-krakow/
2024-01-03 12:21:41,157 DEBUG WebScrapping [Thread-0] Station Link: /stacje-paliw/carrefour/carrefour-mieczyslawa-medweckiego-2-krakow/
2024-01-03 12:21:41,158 DEBUG WebScrapping [Thread-0] Nazwy stacji: Kraków, Mieczysława Medweckiego 2 Carrefour
2024-01-03 12:21:41,158 DEBUG WebScrapping [Thread-0] Station Link: /stacje-paliw/pkn-orlen/pkn-orlen-zakopianska-58-krakow/
