2023-12-28 12:37:32,840 INFO MainUI [AWT-EventQueue-0] Zmieniono rozmiar, aktualny: 600
2023-12-28 12:37:32,844 DEBUG MainUI [AWT-EventQueue-0] Rozmiar HeaderAddressInput na: 18
2023-12-28 12:37:32,862 INFO MainUI [AWT-EventQueue-0] Zmieniono rozmiar, aktualny: 600
2023-12-28 12:37:32,862 DEBUG MainUI [AWT-EventQueue-0] Rozmiar HeaderAddressInput na: 18
2023-12-28 12:37:36,079 INFO MainUI [AWT-EventQueue-0] Wprowadzona wartosc tekstowa z MainUI: wielicka
2023-12-28 12:37:36,081 DEBUG ScrappingClass [Thread-0] Testowanie klasy ScrappingClass integrujacej WebScrapping z GUI
2023-12-28 12:37:36,081 INFO ScrappingClass [Thread-0] Wartosc adresu: wielicka
2023-12-28 12:37:54,490 INFO WebScrapping [Thread-0] Liczba stron: 1
2023-12-28 12:37:54,493 INFO WebScrapping [Thread-0] Numer storny: 1
2023-12-28 12:37:54,544 DEBUG WebScrapping [Thread-0] Station Link: /stacje-paliw/circle-k-statoil/circle-k-statoil-wielicka-183-krakow/
2023-12-28 12:37:54,546 DEBUG WebScrapping [Thread-0] Nazwy stacji: Kraków, Wielicka 183 Circle K (Statoil)
2023-12-28 12:37:54,547 DEBUG WebScrapping [Thread-0] Station Link: /stacje-paliw/pkn-orlen/pkn-orlen-wielicka-21-krakow/
2023-12-28 12:37:54,547 DEBUG WebScrapping [Thread-0] Nazwy stacji: Kraków, Wielicka 21 PKN ORLEN
2023-12-28 12:37:54,547 DEBUG WebScrapping [Thread-0] Station Link: /stacje-paliw/shell/shell-wielicka-77-krakow/
2023-12-28 12:37:54,547 DEBUG WebScrapping [Thread-0] Nazwy stacji: Kraków, Wielicka 77 Shell
2023-12-28 12:37:54,547 DEBUG WebScrapping [Thread-0] Station Link: /stacje-paliw/arge/arge-wielicka-22-krakow/
2023-12-28 12:37:54,547 DEBUG WebScrapping [Thread-0] Nazwy stacji: Kraków, Wielicka 22 Arge
2023-12-28 12:37:54,547 INFO WebScrapping [Thread-0] Link z adresu w tablicy: [/stacje-paliw/circle-k-statoil/circle-k-statoil-wielicka-183-krakow/, /stacje-paliw/pkn-orlen/pkn-orlen-wielicka-21-krakow/, /stacje-paliw/shell/shell-wielicka-77-krakow/, /stacje-paliw/arge/arge-wielicka-22-krakow/]
2023-12-28 12:37:54,547 INFO WebScrapping [Thread-0] Nazwa z adresu w tablicy: [Kraków, Wielicka 183 Circle K (Statoil), Kraków, Wielicka 21 PKN ORLEN, Kraków, Wielicka 77 Shell, Kraków, Wielicka 22 Arge]
2023-12-28 12:37:54,547 INFO ScrappingClass [Thread-0] Sprawdzenie addressNames w klasie ScrappingClass: [Kraków, Wielicka 183 Circle K (Statoil), Kraków, Wielicka 21 PKN ORLEN, Kraków, Wielicka 77 Shell, Kraków, Wielicka 22 Arge]
2023-12-28 12:37:54,547 INFO ScrappingClass [Thread-0] Program pomyślnie zakończył działanie
2023-12-28 12:37:54,548 INFO MainUI [AWT-EventQueue-0] Sprawdzenie addresList z ScrappingClass: [Kraków, Wielicka 183 Circle K (Statoil), Kraków, Wielicka 21 PKN ORLEN, Kraków, Wielicka 77 Shell, Kraków, Wielicka 22 Arge]
2023-12-28 12:40:21,859 INFO MainUI [AWT-EventQueue-0] Zmieniono rozmiar, aktualny: 600
2023-12-28 12:40:21,861 DEBUG MainUI [AWT-EventQueue-0] Rozmiar HeaderAddressInput na: 18
2023-12-28 12:40:21,878 INFO MainUI [AWT-EventQueue-0] Zmieniono rozmiar, aktualny: 600
2023-12-28 12:40:21,878 DEBUG MainUI [AWT-EventQueue-0] Rozmiar HeaderAddressInput na: 18
2023-12-28 12:40:26,885 INFO MainUI [AWT-EventQueue-0] Wprowadzona wartosc tekstowa z MainUI: kapelanka
2023-12-28 12:40:27,244 INFO WebScrapping [Thread-0] Liczba stron: 1
2023-12-28 12:40:27,246 INFO WebScrapping [Thread-0] Numer storny: 1
2023-12-28 12:40:27,297 DEBUG WebScrapping [Thread-0] Station Link: /stacje-paliw/tesco/tesco-kapelanka-54-krakow/
2023-12-28 12:40:27,298 DEBUG WebScrapping [Thread-0] Nazwy stacji: Kraków, Kapelanka 54 Tesco
2023-12-28 12:40:27,298 DEBUG WebScrapping [Thread-0] Station Link: /stacje-paliw/r8/r8-kapelanka-30-krakow/
2023-12-28 12:40:27,298 DEBUG WebScrapping [Thread-0] Nazwy stacji: Kraków, Kapelanka 30 R8
2023-12-28 12:40:27,298 DEBUG WebScrapping [Thread-0] Station Link: /stacje-paliw/lotos-optima/lotos-optima-kapelanka-14-krakow/
2023-12-28 12:40:27,298 DEBUG WebScrapping [Thread-0] Nazwy stacji: Kraków, Kapelanka 14 LOTOS Optima
2023-12-28 12:40:27,298 DEBUG WebScrapping [Thread-0] Station Link: /stacje-paliw/bp/bp-kapelanka-2-krakow/
2023-12-28 12:40:27,298 DEBUG WebScrapping [Thread-0] Nazwy stacji: Kraków, Kapelanka 2 BP
2023-12-28 12:40:27,299 DEBUG WebScrapping [Thread-0] Station Link: /stacje-paliw/shell/shell-kapelanka-30-krakow/
2023-12-28 12:40:27,299 DEBUG WebScrapping [Thread-0] Nazwy stacji: Kraków, Kapelanka 30 Shell
2023-12-28 12:40:27,299 INFO WebScrapping [Thread-0] Link z adresu w tablicy: [/stacje-paliw/tesco/tesco-kapelanka-54-krakow/, /stacje-paliw/r8/r8-kapelanka-30-krakow/, /stacje-paliw/lotos-optima/lotos-optima-kapelanka-14-krakow/, /stacje-paliw/bp/bp-kapelanka-2-krakow/, /stacje-paliw/shell/shell-kapelanka-30-krakow/]
2023-12-28 12:40:27,299 INFO WebScrapping [Thread-0] Nazwa z adresu w tablicy: [Kraków, Kapelanka 54 Tesco, Kraków, Kapelanka 30 R8, Kraków, Kapelanka 14 LOTOS Optima, Kraków, Kapelanka 2 BP, Kraków, Kapelanka 30 Shell]
2023-12-28 12:40:27,299 INFO ScrappingClass [Thread-0] Program pomyślnie zakończył działanie
2023-12-28 12:40:27,299 INFO MainUI [AWT-EventQueue-0] Sprawdzenie addresList z ScrappingClass: [Kraków, Kapelanka 54 Tesco, Kraków, Kapelanka 30 R8, Kraków, Kapelanka 14 LOTOS Optima, Kraków, Kapelanka 2 BP, Kraków, Kapelanka 30 Shell]
2023-12-28 12:41:03,884 INFO MainUI [AWT-EventQueue-0] Zmieniono rozmiar, aktualny: 600
2023-12-28 12:41:03,886 DEBUG MainUI [AWT-EventQueue-0] Rozmiar HeaderAddressInput na: 18
2023-12-28 12:41:03,900 INFO MainUI [AWT-EventQueue-0] Zmieniono rozmiar, aktualny: 600
2023-12-28 12:41:03,900 DEBUG MainUI [AWT-EventQueue-0] Rozmiar HeaderAddressInput na: 18
2023-12-28 12:41:11,186 INFO MainUI [AWT-EventQueue-0] Wprowadzona wartosc tekstowa z MainUI: kapelanka
2023-12-28 12:41:11,541 INFO WebScrapping [Thread-0] Liczba stron: 1
2023-12-28 12:41:11,543 INFO WebScrapping [Thread-0] Numer storny: 1
2023-12-28 12:41:11,585 DEBUG WebScrapping [Thread-0] Station Link: /stacje-paliw/tesco/tesco-kapelanka-54-krakow/
2023-12-28 12:41:11,587 DEBUG WebScrapping [Thread-0] Nazwy stacji: Kraków, Kapelanka 54 Tesco
2023-12-28 12:41:11,587 DEBUG WebScrapping [Thread-0] Station Link: /stacje-paliw/r8/r8-kapelanka-30-krakow/
2023-12-28 12:41:11,588 DEBUG WebScrapping [Thread-0] Nazwy stacji: Kraków, Kapelanka 30 R8
2023-12-28 12:41:11,588 DEBUG WebScrapping [Thread-0] Station Link: /stacje-paliw/lotos-optima/lotos-optima-kapelanka-14-krakow/
2023-12-28 12:41:11,588 DEBUG WebScrapping [Thread-0] Nazwy stacji: Kraków, Kapelanka 14 LOTOS Optima
2023-12-28 12:41:11,588 DEBUG WebScrapping [Thread-0] Station Link: /stacje-paliw/bp/bp-kapelanka-2-krakow/
2023-12-28 12:41:11,588 DEBUG WebScrapping [Thread-0] Nazwy stacji: Kraków, Kapelanka 2 BP
2023-12-28 12:41:11,588 DEBUG WebScrapping [Thread-0] Station Link: /stacje-paliw/shell/shell-kapelanka-30-krakow/
2023-12-28 12:41:11,588 DEBUG WebScrapping [Thread-0] Nazwy stacji: Kraków, Kapelanka 30 Shell
2023-12-28 12:41:11,588 INFO WebScrapping [Thread-0] Link z adresu w tablicy: [/stacje-paliw/tesco/tesco-kapelanka-54-krakow/, /stacje-paliw/r8/r8-kapelanka-30-krakow/, /stacje-paliw/lotos-optima/lotos-optima-kapelanka-14-krakow/, /stacje-paliw/bp/bp-kapelanka-2-krakow/, /stacje-paliw/shell/shell-kapelanka-30-krakow/]
2023-12-28 12:41:11,588 INFO WebScrapping [Thread-0] Nazwa z adresu w tablicy: [Kraków, Kapelanka 54 Tesco, Kraków, Kapelanka 30 R8, Kraków, Kapelanka 14 LOTOS Optima, Kraków, Kapelanka 2 BP, Kraków, Kapelanka 30 Shell]
2023-12-28 12:41:11,588 INFO ScrappingClass [Thread-0] Program pomyślnie zakończył działanie
2023-12-28 12:41:11,589 INFO MainUI [AWT-EventQueue-0] Sprawdzenie addresList z ScrappingClass: [Kraków, Kapelanka 54 Tesco, Kraków, Kapelanka 30 R8, Kraków, Kapelanka 14 LOTOS Optima, Kraków, Kapelanka 2 BP, Kraków, Kapelanka 30 Shell]
2024-01-03 12:20:20,194 INFO MainUI [AWT-EventQueue-0] Zmieniono rozmiar, aktualny: 600
2024-01-03 12:20:20,195 DEBUG MainUI [AWT-EventQueue-0] Rozmiar HeaderAddressInput na: 18
