2024-01-12 09:13:14,127 DEBUG p.WebScraping [Thread-2] Station Link: /stacje-paliw/bp/bp-kamienskiego-57-krakow/
2024-01-12 09:13:14,131 DEBUG p.WebScraping [Thread-2] Nazwy stacji: Kraków, Kamieńskiego 57 BP
2024-01-12 09:13:14,132 DEBUG p.WebScraping [Thread-2] Station Link: /stacje-paliw/carrefour/carrefour-mieczyslawa-medweckiego-2-krakow/
2024-01-12 09:13:14,132 DEBUG p.WebScraping [Thread-2] Nazwy stacji: Kraków, Mieczysława Medweckiego 2 Carrefour
2024-01-12 09:13:14,132 DEBUG p.WebScraping [Thread-2] Station Link: /stacje-paliw/auchan/auchan-henryka-kamienskiego-11-krakow/
2024-01-12 09:13:14,132 DEBUG p.WebScraping [Thread-2] Nazwy stacji: Kraków, Henryka Kamieńskiego 11 Auchan
2024-01-12 09:13:14,132 DEBUG p.WebScraping [Thread-2] Station Link: /stacje-paliw/bp/bp-aleja-bora-komorowskiego-4-krakow/
2024-01-12 09:13:14,133 DEBUG p.WebScraping [Thread-2] Nazwy stacji: Kraków, Aleja Bora-Komorowskiego 4 BP
2024-01-12 09:13:14,133 DEBUG p.WebScraping [Thread-2] Station Link: /stacje-paliw/mpo/mpo-nowohucka-1-krakow/
2024-01-12 09:13:14,134 DEBUG p.WebScraping [Thread-2] Nazwy stacji: Kraków, Nowohucka 1 MPO
2024-01-12 09:13:14,134 DEBUG p.WebScraping [Thread-2] Station Link: /stacje-paliw/lotos/lotos-gen-leopolda-okulickiego-61-krakow/
2024-01-12 09:13:14,134 DEBUG p.WebScraping [Thread-2] Nazwy stacji: Kraków, Gen. Leopolda Okulickiego 61 Lotos
2024-01-12 09:13:14,134 DEBUG p.WebScraping [Thread-2] Station Link: /stacje-paliw/pkn-orlen/pkn-orlen-autostrada-a4-kierunek-krakow-jaworzno/
2024-01-12 09:13:14,134 INFO p.WebScraping [Thread-2] Link z adresu w tablicy: [/stacje-paliw/pkn-orlen/pkn-orlen-jozefa-wybickiego-3a-krakow/, /stacje-paliw/bp/bp-zakopianska-107-krakow/, /stacje-paliw/lotos/lotos-dk7-opolska-5-krakow/, /stacje-paliw/pkn-orlen/pkn-orlen-wielicka-21-krakow/, /stacje-paliw/pkn-orlen/pkn-orlen-os-wandy-30a-krakow/, /stacje-paliw/valdi/valdi-nad-dlubnia-2-krakow/, /stacje-paliw/arge/arge-powstancow-wielkopolskich-13-krakow/, /stacje-paliw/lotos/lotos-aleja-pokoju-91-krakow/, /stacje-paliw/shell/shell-jana-pawla-ii-186-krakow/, /stacje-paliw/circle-k-statoil/circle-k-statoil-aleja-jana-pawla-ii-200-krakow/, /stacje-paliw/circle-k-statoil/circle-k-statoil-lublanska-16a-krakow/, /stacje-paliw/circle-k-statoil/circle-k-statoil-powstancow-wielkopolskich-17-krakow/, /stacje-paliw/lotos-optima/lotos-optima-nowohucka-17-krakow/, /stacje-paliw/moya/moya-feliksa-wrobela-35-krakow/, /stacje-paliw/bp/bp-aleja-bora-komorowskiego-39-krakow/, /stacje-paliw/pkn-orlen/pkn-orlen-zakopianska-58-krakow/, /stacje-paliw/krak-tar/krak-tar-ujastek-11-krakow/, /stacje-paliw/pkn-orlen/pkn-orlen-erazma-jerzmanowskiego-39-krakow/, /stacje-paliw/tesco/tesco-kapelanka-54-krakow/, /stacje-paliw/arge/arge-opolska-60-krakow/, /stacje-paliw/bp/bp-malborska-1-krakow/, /stacje-paliw/pkn-orlen/pkn-orlen-jasnogorska-2b-krakow/, /stacje-paliw/pkn-orlen/pkn-orlen-stefana-grota-roweckiego-33-krakow/, /stacje-paliw/bp/bp-kamienskiego-57-krakow/, /stacje-paliw/carrefour/carrefour-mieczyslawa-medweckiego-2-krakow/, /stacje-paliw/auchan/auchan-henryka-kamienskiego-11-krakow/, /stacje-paliw/bp/bp-aleja-bora-komorowskiego-4-krakow/, /stacje-paliw/mpo/mpo-nowohucka-1-krakow/, /stacje-paliw/lotos/lotos-gen-leopolda-okulickiego-61-krakow/, /stacje-paliw/pkn-orlen/pkn-orlen-autostrada-a4-kierunek-krakow-jaworzno/]
2024-01-12 09:13:14,134 INFO p.WebScraping [Thread-2] Nazwa z adresu w tablicy: [Kraków, Józefa Wybickiego 3A PKN ORLEN, Kraków, Zakopiańska 107 BP, Kraków, DK7 (Opolska 5) Lotos, Kraków, Wielicka 21 PKN ORLEN, Kraków, os. Wandy 30a PKN ORLEN, Kraków, Nad Dłubnią 2 VALDI, Kraków, Powstańców Wielkopolskich 13 Arge, Kraków, Aleja Pokoju 91 Lotos, Kraków, Jana Pawła II 186 Shell, Kraków, Aleja Jana Pawła II 200 Circle K (Statoil), Kraków, Lublańska 16A Circle K (Statoil), Kraków, Powstańców Wielkopolskich 17 Circle K (Statoil), Kraków, Nowohucka 17 LOTOS Optima, Kraków, Feliksa Wrobela 35 MOYA, Kraków, Aleja Bora-Komorowskiego 39 BP, Kraków, Zakopiańska 58 PKN ORLEN, Kraków, Ujastek 11 KRAK-TAR, Kraków, Erazma Jerzmanowskiego 39 PKN ORLEN, Kraków, Kapelanka 54 Tesco, Kraków, Opolska 60 Arge, Kraków, Malborska 1 BP, Kraków, Jasnogórska 2B PKN ORLEN, Kraków, Stefana Grota-Roweckiego 33 PKN ORLEN, Kraków, Kamieńskiego 57 BP, Kraków, Mieczysława Medweckiego 2 Carrefour, Kraków, Henryka Kamieńskiego 11 Auchan, Kraków, Aleja Bora-Komorowskiego 4 BP, Kraków, Nowohucka 1 MPO, Kraków, Gen. Leopolda Okulickiego 61 Lotos]
2024-01-12 09:13:14,134 INFO p.WebScraping [Thread-2] Numer storny: 3
2024-01-12 09:13:14,168 DEBUG p.WebScraping [Thread-2] Station Link: /stacje-paliw/pkn-orlen/pkn-orlen-zawila-62-krakow/
2024-01-12 09:13:14,169 DEBUG p.WebScraping [Thread-2] Nazwy stacji: Kraków, Zawiła 62 PKN ORLEN
2024-01-12 09:13:14,169 DEBUG p.WebScraping [Thread-2] Station Link: /stacje-paliw/moya/moya-kornela-makuszynskiego-26-krakow/
2024-01-12 09:13:14,169 DEBUG p.WebScraping [Thread-2] Nazwy stacji: Kraków, Kornela Makuszyńskiego 26 MOYA
2024-01-12 09:13:14,169 DEBUG p.WebScraping [Thread-2] Station Link: /stacje-paliw/circle-k-1-2-3/circle-k-1-2-3-statoil-siewna-28-krakow/
2024-01-12 09:13:14,170 DEBUG p.WebScraping [Thread-2] Nazwy stacji: Kraków, Siewna 28 Circle K 1-2-3
2024-01-12 09:13:14,170 DEBUG p.WebScraping [Thread-2] Station Link: /stacje-paliw/pkn-orlen/pkn-orlen-os-kolorowe-10-a-krakow/
2024-01-12 09:13:14,170 DEBUG p.WebScraping [Thread-2] Nazwy stacji: Kraków, os.Kolorowe 10 a PKN ORLEN
2024-01-12 09:13:14,170 DEBUG p.WebScraping [Thread-2] Station Link: /stacje-paliw/circle-k-statoil/circle-k-statoil-wielicka-183-krakow/
2024-01-12 09:13:14,171 DEBUG p.WebScraping [Thread-2] Nazwy stacji: Kraków, Wielicka 183 Circle K (Statoil)
2024-01-12 09:13:14,171 DEBUG p.WebScraping [Thread-2] Station Link: /stacje-paliw/circle-k-1-2-3/circle-k-1-2-3-statoil-bialoruska-11a-krakow/
2024-01-12 09:13:14,171 DEBUG p.WebScraping [Thread-2] Nazwy stacji: Kraków, Białoruska 11a Circle K 1-2-3
2024-01-12 09:13:14,171 DEBUG p.WebScraping [Thread-2] Station Link: /stacje-paliw/shell/shell-aleja-pokoju-67-krakow/
2024-01-12 09:13:14,171 DEBUG p.WebScraping [Thread-2] Nazwy stacji: Kraków, Aleja Pokoju 67 Shell
2024-01-12 09:13:14,171 DEBUG p.WebScraping [Thread-2] Station Link: /stacje-paliw/pkn-orlen/pkn-orlen-os-strusia-24-krakow/
2024-01-12 09:13:14,172 DEBUG p.WebScraping [Thread-2] Nazwy stacji: Kraków, os. Strusia 24 PKN ORLEN
2024-01-12 09:13:14,172 DEBUG p.WebScraping [Thread-2] Station Link: /stacje-paliw/krak-tar/krak-tar-mysliwska-51-krakow/
2024-01-12 09:13:14,172 DEBUG p.WebScraping [Thread-2] Nazwy stacji: Kraków, Myśliwska 51 KRAK-TAR
2024-01-12 09:13:14,172 DEBUG p.WebScraping [Thread-2] Station Link: /stacje-paliw/bp/bp-mirowska-201-krakow/
2024-01-12 09:13:14,172 DEBUG p.WebScraping [Thread-2] Nazwy stacji: Kraków, Mirowska 201 BP
2024-01-12 09:13:14,173 DEBUG p.WebScraping [Thread-2] Station Link: /stacje-paliw/pkn-orlen/pkn-orlen-luzycka-40-krakow/
2024-01-12 09:13:14,173 DEBUG p.WebScraping [Thread-2] Nazwy stacji: Kraków, Łużycka 40 PKN ORLEN
2024-01-12 09:13:14,173 DEBUG p.WebScraping [Thread-2] Station Link: /stacje-paliw/pkn-orlen/pkn-orlen-wioslarska-1-krakow/
2024-01-12 09:13:14,173 DEBUG p.WebScraping [Thread-2] Nazwy stacji: Kraków, Wioślarska 1 PKN ORLEN
2024-01-12 09:13:14,173 DEBUG p.WebScraping [Thread-2] Station Link: /stacje-paliw/shell/shell-stanislawa-stojalowskiego-1-krakow/
2024-01-12 09:13:14,174 DEBUG p.WebScraping [Thread-2] Nazwy stacji: Kraków, Stanisława Stojałowskiego 1 Shell
2024-01-12 09:13:14,174 DEBUG p.WebScraping [Thread-2] Station Link: /stacje-paliw/shell/shell-zakopianska-48-krakow/
2024-01-12 09:13:14,174 DEBUG p.WebScraping [Thread-2] Nazwy stacji: Kraków, Zakopiańska 48 Shell
2024-01-12 09:13:14,174 DEBUG p.WebScraping [Thread-2] Station Link: /stacje-paliw/arge/arge-pasternik-66-krakow/
2024-01-12 09:13:14,174 DEBUG p.WebScraping [Thread-2] Nazwy stacji: Kraków, Pasternik 66 Arge
2024-01-12 09:13:14,175 INFO p.WebScraping [Thread-2] Link z adresu w tablicy: [/stacje-paliw/pkn-orlen/pkn-orlen-jozefa-wybickiego-3a-krakow/, /stacje-paliw/bp/bp-zakopianska-107-krakow/, /stacje-paliw/lotos/lotos-dk7-opolska-5-krakow/, /stacje-paliw/pkn-orlen/pkn-orlen-wielicka-21-krakow/, /stacje-paliw/pkn-orlen/pkn-orlen-os-wandy-30a-krakow/, /stacje-paliw/valdi/valdi-nad-dlubnia-2-krakow/, /stacje-paliw/arge/arge-powstancow-wielkopolskich-13-krakow/, /stacje-paliw/lotos/lotos-aleja-pokoju-91-krakow/, /stacje-paliw/shell/shell-jana-pawla-ii-186-krakow/, /stacje-paliw/circle-k-statoil/circle-k-statoil-aleja-jana-pawla-ii-200-krakow/, /stacje-paliw/circle-k-statoil/circle-k-statoil-lublanska-16a-krakow/, /stacje-paliw/circle-k-statoil/circle-k-statoil-powstancow-wielkopolskich-17-krakow/, /stacje-paliw/lotos-optima/lotos-optima-nowohucka-17-krakow/, /stacje-paliw/moya/moya-feliksa-wrobela-35-krakow/, /stacje-paliw/bp/bp-aleja-bora-komorowskiego-39-krakow/, /stacje-paliw/pkn-orlen/pkn-orlen-zakopianska-58-krakow/, /stacje-paliw/krak-tar/krak-tar-ujastek-11-krakow/, /stacje-paliw/pkn-orlen/pkn-orlen-erazma-jerzmanowskiego-39-krakow/, /stacje-paliw/tesco/tesco-kapelanka-54-krakow/, /stacje-paliw/arge/arge-opolska-60-krakow/, /stacje-paliw/bp/bp-malborska-1-krakow/, /stacje-paliw/pkn-orlen/pkn-orlen-jasnogorska-2b-krakow/, /stacje-paliw/pkn-orlen/pkn-orlen-stefana-grota-roweckiego-33-krakow/, /stacje-paliw/bp/bp-kamienskiego-57-krakow/, /stacje-paliw/carrefour/carrefour-mieczyslawa-medweckiego-2-krakow/, /stacje-paliw/auchan/auchan-henryka-kamienskiego-11-krakow/, /stacje-paliw/bp/bp-aleja-bora-komorowskiego-4-krakow/, /stacje-paliw/mpo/mpo-nowohucka-1-krakow/, /stacje-paliw/lotos/lotos-gen-leopolda-okulickiego-61-krakow/, /stacje-paliw/pkn-orlen/pkn-orlen-autostrada-a4-kierunek-krakow-jaworzno/, /stacje-paliw/pkn-orlen/pkn-orlen-zawila-62-krakow/, /stacje-paliw/moya/moya-kornela-makuszynskiego-26-krakow/, /stacje-paliw/circle-k-1-2-3/circle-k-1-2-3-statoil-siewna-28-krakow/, /stacje-paliw/pkn-orlen/pkn-orlen-os-kolorowe-10-a-krakow/, /stacje-paliw/circle-k-statoil/circle-k-statoil-wielicka-183-krakow/, /stacje-paliw/circle-k-1-2-3/circle-k-1-2-3-statoil-bialoruska-11a-krakow/, /stacje-paliw/shell/shell-aleja-pokoju-67-krakow/, /stacje-paliw/pkn-orlen/pkn-orlen-os-strusia-24-krakow/, /stacje-paliw/krak-tar/krak-tar-mysliwska-51-krakow/, /stacje-paliw/bp/bp-mirowska-201-krakow/, /stacje-paliw/pkn-orlen/pkn-orlen-luzycka-40-krakow/, /stacje-paliw/pkn-orlen/pkn-orlen-wioslarska-1-krakow/, /stacje-paliw/shell/shell-stanislawa-stojalowskiego-1-krakow/, /stacje-paliw/shell/shell-zakopianska-48-krakow/, /stacje-paliw/arge/arge-pasternik-66-krakow/]
