2024-01-03 12:21:41,400 INFO WebScrapping [Thread-0] Nazwa z adresu w tablicy: [Kraków, Gen. Leopolda Okulickiego 61 Lotos, Kraków, Zawiła 62 PKN ORLEN, Kraków, Kornela Makuszyńskiego 26 MOYA, Kraków, Siewna 28 Circle K 1-2-3, Kraków, Erazma Jerzmanowskiego 39 PKN ORLEN, Kraków, Wielicka 183 Circle K (Statoil), Kraków, Powstańców Wielkopolskich 17 Circle K (Statoil), Kraków, Białoruska 11a Circle K 1-2-3, Kraków, Henryka Kamieńskiego 11 Auchan, Kraków, Mieczysława Medweckiego 2 Carrefour, Kraków, Zakopiańska 58 PKN ORLEN, Kraków, Aleja Pokoju 67 Shell, Kraków, Nowohucka 1 MPO, Kraków, os. Strusia 24 PKN ORLEN, Kraków, Kapelanka 54 Tesco, Kraków, Stefana Grota-Roweckiego 33 PKN ORLEN, Kraków, Feliksa Wrobela 35 MOYA, Kraków, Myśliwska 51 KRAK-TAR, Kraków, Mirowska 201 BP, Kraków, Łużycka 40 PKN ORLEN, Kraków, Jasnogórska 2B PKN ORLEN, Kraków, Wioślarska 1 PKN ORLEN, Kraków, Stanisława Stojałowskiego 1 Shell, Kraków, Opolska 60 Arge, Kraków, Zakopiańska 48 Shell, Kraków, Aleja Bora-Komorowskiego 39 BP, Kraków, Wielicka 21 PKN ORLEN, Kraków, Pasternik 66 Arge, Kraków, Zakopiańska 289 PKN ORLEN, Kraków, Nad Dłubnią 2 VALDI, Kraków, Mogilska 122 PKN ORLEN, Kraków, Józefa Wybickiego 3A PKN ORLEN, Kraków, Josepha Conrada 33 Shell, Kraków, Ujastek 11 KRAK-TAR, Kraków, Aleja Pokoju 65 Shell, Kraków, Karola Łowińskiego 19 Prywatna, Kraków, Aleja 29 listopada 155A Prywatna, Kraków, Bulwarowa 1 BP, Kraków, Blokowa 23 Prywatna, Kraków, Lipska 2 BP, Kraków, Josepha Conrada 81 BP, Kraków, Aleja Armii Krajowej 10 Circle K (Statoil), Kraków, Zakopiańska 107 BP, Kraków, Kazimierza Wielkiego 121 PKN ORLEN, Kraków, Karola Bunscha 68 PKN ORLEN, Kraków, Prądnicka 32 Prywatna, Kraków, DK7 (Opolska 5) Lotos, Kraków, os. Wandy 30a PKN ORLEN, Kraków, Armii Krajowej 21 A PKN ORLEN, Kraków, Kamienna 18 PKN ORLEN, Kraków, os.Kolorowe 10 a PKN ORLEN, Kraków, Josepha Conrada 36 Shell, Kraków, al. Ignacego Daszyńskiego 33 PKN ORLEN, Kraków, Tyniecka 186 PKN ORLEN, Kraków, Wielicka 77 Shell, Kraków, Malborska 1 BP, Kraków, Kapelanka 30 R8, Kraków, Olszanicka 174 PKN ORLEN, Kraków, Aleja 29 Listopada 125 BP, Kraków, Wielicka 22 Arge, Kraków, Bratysławska 1 Shell, Kraków, Pilotów 4B PKN ORLEN, Kraków, Kamieńskiego 57 BP, Kraków, Lublańska 16A Circle K (Statoil), Kraków, Aleja Andersa/Okulickiego PKN ORLEN, Kraków, Skotnicka 242 PKN ORLEN, Kraków, Makuszyńskiego 26 Prywatna, Kraków, Góra Libertowska 2 Amic, Kraków, Podgórska 32 PKN ORLEN, Kraków, Nowohucka 17 LOTOS Optima, Kraków, Aleja Pokoju 91 Lotos, Kraków, Nowohucka 71 PKN ORLEN, Kraków, Centralna 72 PKN ORLEN, Kraków, Marii Konopnickiej 78 Shell, Kraków, Aleja Jana Pawła II 200 Circle K (Statoil), Kraków, Kocmyrzowska 43 BP, Kraków, aleja Jana Pawła II 186 Shell, Kraków, Kapelanka 14 LOTOS Optima, Kraków, Mogilska 118 Stacja LPG, Kraków, Kapelanka 2 BP, Kraków, Opolska 9 Amic, Kraków, Aleja Pokoju 62 PKN ORLEN, Kraków, Jana Pawła II 186 Shell, Kraków, Karola Bunscha 20 PKN ORLEN, Kraków, Kapelanka 30 Shell, Kraków, Osiedle Dywizjonu 303 21a Circle K (Statoil), Kraków, Nadbrzezie 1A BP, Kraków, Włóczków 5 PKN ORLEN, Kraków, Rybitwy 13 BP, Kraków, Bartosza Głowackiego 56 Prywatna, Kraków, Mogilska 81 Circle K (Statoil), Kraków, Łużycka 22 STAG GAZ, Kraków, Kryspinów 415 Shell, Kraków, Igołomska/Szymańskiego 30 L PKN ORLEN, Kraków, Prandoty 6 Prywatna, Kraków, Igołomska 34 Shell, Kraków, Igołomska 24 PKN ORLEN, Kraków, Mirowska Shell, Kraków, Cystersów 21 Prywatna, Kraków, Zawiła Prywatna, Kraków, Prądnicka 30 R8, Kraków, Balicka 56 Trans-Oil, Kraków, Półłanki 19 PRK KRAKÓW]
2024-01-03 12:21:41,401 INFO WebScrapping [Thread-0] Numer storny: 8
2024-01-03 12:21:41,429 DEBUG WebScrapping [Thread-0] Station Link: /stacje-paliw/polpetrol/polpetrol-henryka-pachonskiego-9-krakow/
2024-01-03 12:21:41,429 DEBUG WebScrapping [Thread-0] Station Link: /stacje-paliw/polpetrol/polpetrol-henryka-pachonskiego-9-krakow/
2024-01-03 12:21:41,429 DEBUG WebScrapping [Thread-0] Nazwy stacji: Kraków, Henryka Pachońskiego 9 Polpetrol
2024-01-03 12:21:41,429 DEBUG WebScrapping [Thread-0] Station Link: /stacje-paliw/stacje-lpg/stacja-lpg-styczna-16-krakow/
2024-01-03 12:21:41,430 DEBUG WebScrapping [Thread-0] Station Link: /stacje-paliw/stacje-lpg/stacja-lpg-styczna-16-krakow/
2024-01-03 12:21:41,430 DEBUG WebScrapping [Thread-0] Nazwy stacji: Kraków, Styczna 16 Stacja LPG
2024-01-03 12:21:41,430 DEBUG WebScrapping [Thread-0] Station Link: /stacje-paliw/stacje-niezrzeszone/prywatna-zakliki-z-mydlnik-16-krakow/
2024-01-03 12:21:41,430 DEBUG WebScrapping [Thread-0] Station Link: /stacje-paliw/stacje-niezrzeszone/prywatna-zakliki-z-mydlnik-16-krakow/
2024-01-03 12:21:41,430 DEBUG WebScrapping [Thread-0] Nazwy stacji: Kraków, Zakliki z Mydlnik 16 Prywatna
2024-01-03 12:21:41,430 DEBUG WebScrapping [Thread-0] Station Link: /stacje-paliw/stacje-lpg/stacja-lpg-wladyslawa-reymonta-22-krakow/
2024-01-03 12:21:41,430 DEBUG WebScrapping [Thread-0] Station Link: /stacje-paliw/stacje-lpg/stacja-lpg-wladyslawa-reymonta-22-krakow/
2024-01-03 12:21:41,430 DEBUG WebScrapping [Thread-0] Nazwy stacji: Kraków, Władysława Reymonta 22 Stacja LPG
2024-01-03 12:21:41,430 DEBUG WebScrapping [Thread-0] Station Link: /stacje-paliw/stacje-lpg/stacja-lpg-kornela-makuszynskiego-13-krakow/
2024-01-03 12:21:41,430 DEBUG WebScrapping [Thread-0] Station Link: /stacje-paliw/stacje-lpg/stacja-lpg-kornela-makuszynskiego-13-krakow/
2024-01-03 12:21:41,430 DEBUG WebScrapping [Thread-0] Nazwy stacji: Kraków, Kornela Makuszyńskiego 13 Stacja LPG
2024-01-03 12:21:41,430 DEBUG WebScrapping [Thread-0] Station Link: /stacje-paliw/r8/r8-bartosza-glowackiego-32-krakow/
2024-01-03 12:21:41,430 DEBUG WebScrapping [Thread-0] Station Link: /stacje-paliw/r8/r8-bartosza-glowackiego-32-krakow/
2024-01-03 12:21:41,430 DEBUG WebScrapping [Thread-0] Nazwy stacji: Kraków, Bartosza Głowackiego 32 R8
2024-01-03 12:21:41,430 DEBUG WebScrapping [Thread-0] Station Link: /stacje-paliw/stacje-lpg/stacja-lpg-orawska-12a-krakow/
2024-01-03 12:21:41,430 DEBUG WebScrapping [Thread-0] Station Link: /stacje-paliw/stacje-lpg/stacja-lpg-orawska-12a-krakow/
2024-01-03 12:21:41,430 DEBUG WebScrapping [Thread-0] Nazwy stacji: Kraków, Orawska 12A Stacja LPG
2024-01-03 12:21:41,430 DEBUG WebScrapping [Thread-0] Station Link: /stacje-paliw/petronet/petronet-gromadzka-24-krakow/
2024-01-03 12:21:41,430 DEBUG WebScrapping [Thread-0] Station Link: /stacje-paliw/petronet/petronet-gromadzka-24-krakow/
2024-01-03 12:21:41,430 DEBUG WebScrapping [Thread-0] Nazwy stacji: Kraków, Gromadzka 24 PetroNet
2024-01-03 12:21:41,430 DEBUG WebScrapping [Thread-0] Station Link: /stacje-paliw/auto-gaz/auto-gaz-skosna-22-krakow/
2024-01-03 12:21:41,430 DEBUG WebScrapping [Thread-0] Station Link: /stacje-paliw/auto-gaz/auto-gaz-skosna-22-krakow/
2024-01-03 12:21:41,430 DEBUG WebScrapping [Thread-0] Nazwy stacji: Kraków, Skośna 22 Auto-Gaz
2024-01-03 12:21:41,430 DEBUG WebScrapping [Thread-0] Station Link: /stacje-paliw/stacje-lpg/stacja-lpg-zakepie-1a-krakow/
2024-01-03 12:21:41,430 DEBUG WebScrapping [Thread-0] Station Link: /stacje-paliw/stacje-lpg/stacja-lpg-zakepie-1a-krakow/
2024-01-03 12:21:41,430 DEBUG WebScrapping [Thread-0] Nazwy stacji: Kraków, Zakępie 1A Stacja LPG
2024-01-03 12:21:41,430 DEBUG WebScrapping [Thread-0] Station Link: /stacje-paliw/arge/arge-aleja-jana-pawla-ii-37b-krakow/
2024-01-03 12:21:41,430 DEBUG WebScrapping [Thread-0] Station Link: /stacje-paliw/arge/arge-aleja-jana-pawla-ii-37b-krakow/
2024-01-03 12:21:41,430 DEBUG WebScrapping [Thread-0] Nazwy stacji: Kraków, Aleja Jana Pawła II 37B Arge
2024-01-03 12:21:41,430 DEBUG WebScrapping [Thread-0] Station Link: /stacje-paliw/arge/arge-bulwarowa-1-krakow/
2024-01-03 12:21:41,430 DEBUG WebScrapping [Thread-0] Station Link: /stacje-paliw/arge/arge-bulwarowa-1-krakow/
2024-01-03 12:21:41,430 DEBUG WebScrapping [Thread-0] Nazwy stacji: Kraków, Bulwarowa 1 Arge
