2024-01-03 12:22:12,518 INFO WebScrapping [Thread-0] Nazwa z adresu w tablicy: [Kraków, Gen. Leopolda Okulickiego 61 Lotos, Kraków, Zawiła 62 PKN ORLEN, Kraków, Kornela Makuszyńskiego 26 MOYA, Kraków, Siewna 28 Circle K 1-2-3, Kraków, Erazma Jerzmanowskiego 39 PKN ORLEN, Kraków, Wielicka 183 Circle K (Statoil), Kraków, Powstańców Wielkopolskich 17 Circle K (Statoil), Kraków, Białoruska 11a Circle K 1-2-3, Kraków, Henryka Kamieńskiego 11 Auchan, Kraków, Mieczysława Medweckiego 2 Carrefour, Kraków, Zakopiańska 58 PKN ORLEN, Kraków, Aleja Pokoju 67 Shell, Kraków, Nowohucka 1 MPO, Kraków, os. Strusia 24 PKN ORLEN, Kraków, Kapelanka 54 Tesco, Kraków, Stefana Grota-Roweckiego 33 PKN ORLEN, Kraków, Feliksa Wrobela 35 MOYA, Kraków, Myśliwska 51 KRAK-TAR, Kraków, Mirowska 201 BP, Kraków, Łużycka 40 PKN ORLEN, Kraków, Jasnogórska 2B PKN ORLEN, Kraków, Wioślarska 1 PKN ORLEN, Kraków, Stanisława Stojałowskiego 1 Shell, Kraków, Opolska 60 Arge, Kraków, Zakopiańska 48 Shell, Kraków, Aleja Bora-Komorowskiego 39 BP, Kraków, Wielicka 21 PKN ORLEN, Kraków, Pasternik 66 Arge, Kraków, Zakopiańska 289 PKN ORLEN, Kraków, Nad Dłubnią 2 VALDI, Kraków, Mogilska 122 PKN ORLEN, Kraków, Józefa Wybickiego 3A PKN ORLEN, Kraków, Josepha Conrada 33 Shell, Kraków, Ujastek 11 KRAK-TAR, Kraków, Aleja Pokoju 65 Shell, Kraków, Karola Łowińskiego 19 Prywatna, Kraków, Aleja 29 listopada 155A Prywatna, Kraków, Bulwarowa 1 BP, Kraków, Blokowa 23 Prywatna, Kraków, Lipska 2 BP, Kraków, Josepha Conrada 81 BP, Kraków, Aleja Armii Krajowej 10 Circle K (Statoil), Kraków, Zakopiańska 107 BP, Kraków, Kazimierza Wielkiego 121 PKN ORLEN]
2024-01-03 12:22:12,519 INFO WebScrapping [Thread-0] Numer storny: 4
2024-01-03 12:22:12,563 DEBUG WebScrapping [Thread-0] Station Link: /stacje-paliw/pkn-orlen/pkn-orlen-karola-bunscha-68-krakow/
2024-01-03 12:22:12,563 DEBUG WebScrapping [Thread-0] Station Link: /stacje-paliw/pkn-orlen/pkn-orlen-karola-bunscha-68-krakow/
2024-01-03 12:22:12,564 DEBUG WebScrapping [Thread-0] Nazwy stacji: Kraków, Karola Bunscha 68 PKN ORLEN
2024-01-03 12:22:12,564 DEBUG WebScrapping [Thread-0] Station Link: /stacje-paliw/stacje-niezrzeszone/prywatna-pradnicka-32-krakow/
2024-01-03 12:22:12,564 DEBUG WebScrapping [Thread-0] Station Link: /stacje-paliw/stacje-niezrzeszone/prywatna-pradnicka-32-krakow/
2024-01-03 12:22:12,564 DEBUG WebScrapping [Thread-0] Nazwy stacji: Kraków, Prądnicka 32 Prywatna
2024-01-03 12:22:12,564 DEBUG WebScrapping [Thread-0] Station Link: /stacje-paliw/lotos/lotos-dk7-opolska-5-krakow/
2024-01-03 12:22:12,564 DEBUG WebScrapping [Thread-0] Station Link: /stacje-paliw/lotos/lotos-dk7-opolska-5-krakow/
2024-01-03 12:22:12,564 DEBUG WebScrapping [Thread-0] Nazwy stacji: Kraków, DK7 (Opolska 5) Lotos
2024-01-03 12:22:12,564 DEBUG WebScrapping [Thread-0] Station Link: /stacje-paliw/pkn-orlen/pkn-orlen-os-wandy-30a-krakow/
2024-01-03 12:22:12,564 DEBUG WebScrapping [Thread-0] Station Link: /stacje-paliw/pkn-orlen/pkn-orlen-os-wandy-30a-krakow/
2024-01-03 12:22:12,564 DEBUG WebScrapping [Thread-0] Nazwy stacji: Kraków, os. Wandy 30a PKN ORLEN
2024-01-03 12:22:12,564 DEBUG WebScrapping [Thread-0] Station Link: /stacje-paliw/pkn-orlen/pkn-orlen-armii-krajowej-21-a-krakow/
2024-01-03 12:22:12,564 DEBUG WebScrapping [Thread-0] Station Link: /stacje-paliw/pkn-orlen/pkn-orlen-armii-krajowej-21-a-krakow/
2024-01-03 12:22:12,564 DEBUG WebScrapping [Thread-0] Nazwy stacji: Kraków, Armii Krajowej 21 A PKN ORLEN
2024-01-03 12:22:12,564 DEBUG WebScrapping [Thread-0] Station Link: /stacje-paliw/pkn-orlen/pkn-orlen-kamienna-18-krakow/
2024-01-03 12:22:12,565 DEBUG WebScrapping [Thread-0] Station Link: /stacje-paliw/pkn-orlen/pkn-orlen-kamienna-18-krakow/
2024-01-03 12:22:12,565 DEBUG WebScrapping [Thread-0] Nazwy stacji: Kraków, Kamienna 18 PKN ORLEN
2024-01-03 12:22:12,565 DEBUG WebScrapping [Thread-0] Station Link: /stacje-paliw/pkn-orlen/pkn-orlen-os-kolorowe-10-a-krakow/
2024-01-03 12:22:12,565 DEBUG WebScrapping [Thread-0] Station Link: /stacje-paliw/pkn-orlen/pkn-orlen-os-kolorowe-10-a-krakow/
2024-01-03 12:22:12,565 DEBUG WebScrapping [Thread-0] Nazwy stacji: Kraków, os.Kolorowe 10 a PKN ORLEN
2024-01-03 12:22:12,565 DEBUG WebScrapping [Thread-0] Station Link: /stacje-paliw/shell/shell-josepha-conrada-36-krakow/
2024-01-03 12:22:12,565 DEBUG WebScrapping [Thread-0] Station Link: /stacje-paliw/shell/shell-josepha-conrada-36-krakow/
2024-01-03 12:22:12,565 DEBUG WebScrapping [Thread-0] Nazwy stacji: Kraków, Josepha Conrada 36 Shell
2024-01-03 12:22:12,565 DEBUG WebScrapping [Thread-0] Station Link: /stacje-paliw/pkn-orlen/pkn-orlen-al-ignacego-daszynskiego-33-krakow/
2024-01-03 12:22:12,565 DEBUG WebScrapping [Thread-0] Station Link: /stacje-paliw/pkn-orlen/pkn-orlen-al-ignacego-daszynskiego-33-krakow/
2024-01-03 12:22:12,565 DEBUG WebScrapping [Thread-0] Nazwy stacji: Kraków, al. Ignacego Daszyńskiego 33 PKN ORLEN
2024-01-03 12:22:12,565 DEBUG WebScrapping [Thread-0] Station Link: /stacje-paliw/pkn-orlen/pkn-orlen-tyniecka-186-krakow/
2024-01-03 12:22:12,565 DEBUG WebScrapping [Thread-0] Station Link: /stacje-paliw/pkn-orlen/pkn-orlen-tyniecka-186-krakow/
2024-01-03 12:22:12,565 DEBUG WebScrapping [Thread-0] Nazwy stacji: Kraków, Tyniecka 186 PKN ORLEN
2024-01-03 12:22:12,565 DEBUG WebScrapping [Thread-0] Station Link: /stacje-paliw/shell/shell-wielicka-77-krakow/
2024-01-03 12:22:12,566 DEBUG WebScrapping [Thread-0] Station Link: /stacje-paliw/shell/shell-wielicka-77-krakow/
2024-01-03 12:22:12,566 DEBUG WebScrapping [Thread-0] Nazwy stacji: Kraków, Wielicka 77 Shell
2024-01-03 12:22:12,566 DEBUG WebScrapping [Thread-0] Station Link: /stacje-paliw/bp/bp-malborska-1-krakow/
2024-01-03 12:22:12,566 DEBUG WebScrapping [Thread-0] Station Link: /stacje-paliw/bp/bp-malborska-1-krakow/
2024-01-03 12:22:12,566 DEBUG WebScrapping [Thread-0] Nazwy stacji: Kraków, Malborska 1 BP
2024-01-03 12:22:12,566 DEBUG WebScrapping [Thread-0] Station Link: /stacje-paliw/r8/r8-kapelanka-30-krakow/
2024-01-03 12:22:12,566 DEBUG WebScrapping [Thread-0] Station Link: /stacje-paliw/r8/r8-kapelanka-30-krakow/
2024-01-03 12:22:12,566 DEBUG WebScrapping [Thread-0] Nazwy stacji: Kraków, Kapelanka 30 R8
2024-01-03 12:22:12,566 DEBUG WebScrapping [Thread-0] Station Link: /stacje-paliw/pkn-orlen/pkn-orlen-olszanicka-174-krakow/
2024-01-03 12:22:12,566 DEBUG WebScrapping [Thread-0] Station Link: /stacje-paliw/pkn-orlen/pkn-orlen-olszanicka-174-krakow/
2024-01-03 12:22:12,566 DEBUG WebScrapping [Thread-0] Nazwy stacji: Kraków, Olszanicka 174 PKN ORLEN
2024-01-03 12:22:12,566 DEBUG WebScrapping [Thread-0] Station Link: /stacje-paliw/bp/bp-aleja-29-listopada-125-krakow/
2024-01-03 12:22:12,566 DEBUG WebScrapping [Thread-0] Station Link: /stacje-paliw/bp/bp-aleja-29-listopada-125-krakow/
2024-01-03 12:22:12,566 DEBUG WebScrapping [Thread-0] Nazwy stacji: Kraków, Aleja 29 Listopada 125 BP
2024-01-03 12:22:12,566 INFO WebScrapping [Thread-0] Link z adresu w tablicy: [/stacje-paliw/lotos/lotos-gen-leopolda-okulickiego-61-krakow/, /stacje-paliw/pkn-orlen/pkn-orlen-autostrada-a4-kierunek-krakow-jaworzno/, /stacje-paliw/pkn-orlen/pkn-orlen-zawila-62-krakow/, /stacje-paliw/moya/moya-kornela-makuszynskiego-26-krakow/, /stacje-paliw/circle-k-1-2-3/circle-k-1-2-3-statoil-siewna-28-krakow/, /stacje-paliw/pkn-orlen/pkn-orlen-erazma-jerzmanowskiego-39-krakow/, /stacje-paliw/circle-k-statoil/circle-k-statoil-wielicka-183-krakow/, /stacje-paliw/circle-k-statoil/circle-k-statoil-powstancow-wielkopolskich-17-krakow/, /stacje-paliw/circle-k-1-2-3/circle-k-1-2-3-statoil-bialoruska-11a-krakow/, /stacje-paliw/auchan/auchan-henryka-kamienskiego-11-krakow/, /stacje-paliw/carrefour/carrefour-mieczyslawa-medweckiego-2-krakow/, /stacje-paliw/pkn-orlen/pkn-orlen-zakopianska-58-krakow/, /stacje-paliw/shell/shell-aleja-pokoju-67-krakow/, /stacje-paliw/mpo/mpo-nowohucka-1-krakow/, /stacje-paliw/pkn-orlen/pkn-orlen-os-strusia-24-krakow/, /stacje-paliw/tesco/tesco-kapelanka-54-krakow/, /stacje-paliw/pkn-orlen/pkn-orlen-stefana-grota-roweckiego-33-krakow/, /stacje-paliw/moya/moya-feliksa-wrobela-35-krakow/, /stacje-paliw/krak-tar/krak-tar-mysliwska-51-krakow/, /stacje-paliw/bp/bp-mirowska-201-krakow/, /stacje-paliw/pkn-orlen/pkn-orlen-luzycka-40-krakow/, /stacje-paliw/pkn-orlen/pkn-orlen-jasnogorska-2b-krakow/, /stacje-paliw/pkn-orlen/pkn-orlen-wioslarska-1-krakow/, /stacje-paliw/shell/shell-stanislawa-stojalowskiego-1-krakow/, /stacje-paliw/arge/arge-opolska-60-krakow/, /stacje-paliw/shell/shell-zakopianska-48-krakow/, /stacje-paliw/bp/bp-aleja-bora-komorowskiego-39-krakow/, /stacje-paliw/pkn-orlen/pkn-orlen-wielicka-21-krakow/, /stacje-paliw/arge/arge-pasternik-66-krakow/, /stacje-paliw/pkn-orlen/pkn-orlen-zakopianska-289-krakow/, /stacje-paliw/valdi/valdi-nad-dlubnia-2-krakow/, /stacje-paliw/pkn-orlen/pkn-orlen-mogilska-122-krakow/, /stacje-paliw/pkn-orlen/pkn-orlen-jozefa-wybickiego-3a-krakow/, /stacje-paliw/shell/shell-josepha-conrada-33-krakow/, /stacje-paliw/krak-tar/krak-tar-ujastek-11-krakow/, /stacje-paliw/shell/shell-aleja-pokoju-65-krakow/, /stacje-paliw/stacje-niezrzeszone/prywatna-karola-lowinskiego-19-krakow/, /stacje-paliw/stacje-niezrzeszone/prywatna-aleja-29-listopada-155a-krakow/, /stacje-paliw/bp/bp-bulwarowa-1-krakow/, /stacje-paliw/stacje-niezrzeszone/prywatna-blokowa-23-krakow/, /stacje-paliw/bp/bp-lipska-2-krakow/, /stacje-paliw/bp/bp-josepha-conrada-81-krakow/, /stacje-paliw/circle-k-statoil/circle-k-statoil-aleja-armii-krajowej-10-krakow/, /stacje-paliw/bp/bp-zakopianska-107-krakow/, /stacje-paliw/pkn-orlen/pkn-orlen-kazimierza-wielkiego-121-krakow/, /stacje-paliw/pkn-orlen/pkn-orlen-karola-bunscha-68-krakow/, /stacje-paliw/stacje-niezrzeszone/prywatna-pradnicka-32-krakow/, /stacje-paliw/lotos/lotos-dk7-opolska-5-krakow/, /stacje-paliw/pkn-orlen/pkn-orlen-os-wandy-30a-krakow/, /stacje-paliw/pkn-orlen/pkn-orlen-armii-krajowej-21-a-krakow/, /stacje-paliw/pkn-orlen/pkn-orlen-kamienna-18-krakow/, /stacje-paliw/pkn-orlen/pkn-orlen-os-kolorowe-10-a-krakow/, /stacje-paliw/shell/shell-josepha-conrada-36-krakow/, /stacje-paliw/pkn-orlen/pkn-orlen-al-ignacego-daszynskiego-33-krakow/, /stacje-paliw/pkn-orlen/pkn-orlen-tyniecka-186-krakow/, /stacje-paliw/shell/shell-wielicka-77-krakow/, /stacje-paliw/bp/bp-malborska-1-krakow/, /stacje-paliw/r8/r8-kapelanka-30-krakow/, /stacje-paliw/pkn-orlen/pkn-orlen-olszanicka-174-krakow/, /stacje-paliw/bp/bp-aleja-29-listopada-125-krakow/]
