2024-01-12 00:48:28,644 INFO p.MainUI [AWT-EventQueue-0] Zmieniono rozmiar, aktualny: 600
2024-01-12 00:48:28,653 INFO p.MainUI [AWT-EventQueue-0] Rozmiar HeaderAddressInput na: 18
2024-01-12 00:48:28,777 INFO p.MainUI [AWT-EventQueue-0] Zmieniono rozmiar, aktualny: 600
2024-01-12 00:48:28,778 INFO p.MainUI [AWT-EventQueue-0] Rozmiar HeaderAddressInput na: 18
2024-01-12 00:48:36,449 INFO p.MainUI [SwingWorker-pool-2-thread-1] Wprowadzona wartość tekstowego: 
2024-01-12 00:48:36,453 INFO p.ScrapingClass [Thread-0] Wartosc adresu: 
2024-01-12 00:48:36,549 INFO p.WebScraping [Thread-0] Liczba stron: 10
2024-01-12 00:48:36,552 INFO p.WebScraping [Thread-0] Numer storny: 1
2024-01-12 00:48:36,581 DEBUG p.WebScraping [Thread-0] Station Link: /stacje-paliw/bp/bp-zakopianska-107-krakow/
2024-01-12 00:48:36,584 DEBUG p.WebScraping [Thread-0] Nazwy stacji: Kraków, Zakopiańska 107 BP
2024-01-12 00:48:36,584 DEBUG p.WebScraping [Thread-0] Station Link: /stacje-paliw/lotos/lotos-dk7-opolska-5-krakow/
2024-01-12 00:48:36,585 DEBUG p.WebScraping [Thread-0] Nazwy stacji: Kraków, DK7 (Opolska 5) Lotos
2024-01-12 00:48:36,585 DEBUG p.WebScraping [Thread-0] Station Link: /stacje-paliw/pkn-orlen/pkn-orlen-wielicka-21-krakow/
2024-01-12 00:48:36,585 DEBUG p.WebScraping [Thread-0] Nazwy stacji: Kraków, Wielicka 21 PKN ORLEN
2024-01-12 00:48:36,586 DEBUG p.WebScraping [Thread-0] Station Link: /stacje-paliw/pkn-orlen/pkn-orlen-os-wandy-30a-krakow/
2024-01-12 00:48:36,586 DEBUG p.WebScraping [Thread-0] Nazwy stacji: Kraków, os. Wandy 30a PKN ORLEN
2024-01-12 00:48:36,586 DEBUG p.WebScraping [Thread-0] Station Link: /stacje-paliw/valdi/valdi-nad-dlubnia-2-krakow/
2024-01-12 00:48:36,586 DEBUG p.WebScraping [Thread-0] Nazwy stacji: Kraków, Nad Dłubnią 2 VALDI
2024-01-12 00:48:36,586 DEBUG p.WebScraping [Thread-0] Station Link: /stacje-paliw/arge/arge-powstancow-wielkopolskich-13-krakow/
2024-01-12 00:48:36,587 DEBUG p.WebScraping [Thread-0] Nazwy stacji: Kraków, Powstańców Wielkopolskich 13 Arge
2024-01-12 00:48:36,587 DEBUG p.WebScraping [Thread-0] Station Link: /stacje-paliw/lotos/lotos-aleja-pokoju-91-krakow/
2024-01-12 00:48:36,587 DEBUG p.WebScraping [Thread-0] Nazwy stacji: Kraków, Aleja Pokoju 91 Lotos
2024-01-12 00:48:36,587 DEBUG p.WebScraping [Thread-0] Station Link: /stacje-paliw/shell/shell-jana-pawla-ii-186-krakow/
2024-01-12 00:48:36,587 DEBUG p.WebScraping [Thread-0] Nazwy stacji: Kraków, Jana Pawła II 186 Shell
2024-01-12 00:48:36,588 DEBUG p.WebScraping [Thread-0] Station Link: /stacje-paliw/circle-k-statoil/circle-k-statoil-aleja-jana-pawla-ii-200-krakow/
2024-01-12 00:48:36,588 DEBUG p.WebScraping [Thread-0] Nazwy stacji: Kraków, Aleja Jana Pawła II 200 Circle K (Statoil)
2024-01-12 00:48:36,588 DEBUG p.WebScraping [Thread-0] Station Link: /stacje-paliw/circle-k-statoil/circle-k-statoil-lublanska-16a-krakow/
2024-01-12 00:48:36,588 DEBUG p.WebScraping [Thread-0] Nazwy stacji: Kraków, Lublańska 16A Circle K (Statoil)
2024-01-12 00:48:36,588 DEBUG p.WebScraping [Thread-0] Station Link: /stacje-paliw/circle-k-statoil/circle-k-statoil-powstancow-wielkopolskich-17-krakow/
2024-01-12 00:48:36,589 DEBUG p.WebScraping [Thread-0] Nazwy stacji: Kraków, Powstańców Wielkopolskich 17 Circle K (Statoil)
2024-01-12 00:48:36,589 DEBUG p.WebScraping [Thread-0] Station Link: /stacje-paliw/lotos-optima/lotos-optima-nowohucka-17-krakow/
2024-01-12 00:48:36,589 DEBUG p.WebScraping [Thread-0] Nazwy stacji: Kraków, Nowohucka 17 LOTOS Optima
2024-01-12 00:48:36,589 DEBUG p.WebScraping [Thread-0] Station Link: /stacje-paliw/moya/moya-feliksa-wrobela-35-krakow/
2024-01-12 00:48:36,590 DEBUG p.WebScraping [Thread-0] Nazwy stacji: Kraków, Feliksa Wrobela 35 MOYA
2024-01-12 00:48:36,590 DEBUG p.WebScraping [Thread-0] Station Link: /stacje-paliw/bp/bp-aleja-bora-komorowskiego-39-krakow/
2024-01-12 00:48:36,590 DEBUG p.WebScraping [Thread-0] Nazwy stacji: Kraków, Aleja Bora-Komorowskiego 39 BP
2024-01-12 00:48:36,590 DEBUG p.WebScraping [Thread-0] Station Link: /stacje-paliw/pkn-orlen/pkn-orlen-zakopianska-58-krakow/
2024-01-12 00:48:36,591 DEBUG p.WebScraping [Thread-0] Nazwy stacji: Kraków, Zakopiańska 58 PKN ORLEN
2024-01-12 00:48:36,591 INFO p.WebScraping [Thread-0] Link z adresu w tablicy: [/stacje-paliw/bp/bp-zakopianska-107-krakow/, /stacje-paliw/lotos/lotos-dk7-opolska-5-krakow/, /stacje-paliw/pkn-orlen/pkn-orlen-wielicka-21-krakow/, /stacje-paliw/pkn-orlen/pkn-orlen-os-wandy-30a-krakow/, /stacje-paliw/valdi/valdi-nad-dlubnia-2-krakow/, /stacje-paliw/arge/arge-powstancow-wielkopolskich-13-krakow/, /stacje-paliw/lotos/lotos-aleja-pokoju-91-krakow/, /stacje-paliw/shell/shell-jana-pawla-ii-186-krakow/, /stacje-paliw/circle-k-statoil/circle-k-statoil-aleja-jana-pawla-ii-200-krakow/, /stacje-paliw/circle-k-statoil/circle-k-statoil-lublanska-16a-krakow/, /stacje-paliw/circle-k-statoil/circle-k-statoil-powstancow-wielkopolskich-17-krakow/, /stacje-paliw/lotos-optima/lotos-optima-nowohucka-17-krakow/, /stacje-paliw/moya/moya-feliksa-wrobela-35-krakow/, /stacje-paliw/bp/bp-aleja-bora-komorowskiego-39-krakow/, /stacje-paliw/pkn-orlen/pkn-orlen-zakopianska-58-krakow/]
2024-01-12 00:48:36,591 INFO p.WebScraping [Thread-0] Nazwa z adresu w tablicy: [Kraków, Zakopiańska 107 BP, Kraków, DK7 (Opolska 5) Lotos, Kraków, Wielicka 21 PKN ORLEN, Kraków, os. Wandy 30a PKN ORLEN, Kraków, Nad Dłubnią 2 VALDI, Kraków, Powstańców Wielkopolskich 13 Arge, Kraków, Aleja Pokoju 91 Lotos, Kraków, Jana Pawła II 186 Shell, Kraków, Aleja Jana Pawła II 200 Circle K (Statoil), Kraków, Lublańska 16A Circle K (Statoil), Kraków, Powstańców Wielkopolskich 17 Circle K (Statoil), Kraków, Nowohucka 17 LOTOS Optima, Kraków, Feliksa Wrobela 35 MOYA, Kraków, Aleja Bora-Komorowskiego 39 BP, Kraków, Zakopiańska 58 PKN ORLEN]
2024-01-12 00:48:36,591 INFO p.WebScraping [Thread-0] Numer storny: 2
2024-01-12 00:48:36,620 DEBUG p.WebScraping [Thread-0] Station Link: /stacje-paliw/krak-tar/krak-tar-ujastek-11-krakow/
2024-01-12 00:48:36,620 DEBUG p.WebScraping [Thread-0] Nazwy stacji: Kraków, Ujastek 11 KRAK-TAR
2024-01-12 00:48:36,621 DEBUG p.WebScraping [Thread-0] Station Link: /stacje-paliw/pkn-orlen/pkn-orlen-erazma-jerzmanowskiego-39-krakow/
2024-01-12 00:48:36,621 DEBUG p.WebScraping [Thread-0] Nazwy stacji: Kraków, Erazma Jerzmanowskiego 39 PKN ORLEN
2024-01-12 00:48:36,621 DEBUG p.WebScraping [Thread-0] Station Link: /stacje-paliw/tesco/tesco-kapelanka-54-krakow/
2024-01-12 00:48:36,622 DEBUG p.WebScraping [Thread-0] Nazwy stacji: Kraków, Kapelanka 54 Tesco
2024-01-12 00:48:36,622 DEBUG p.WebScraping [Thread-0] Station Link: /stacje-paliw/arge/arge-opolska-60-krakow/
2024-01-12 00:48:36,622 DEBUG p.WebScraping [Thread-0] Nazwy stacji: Kraków, Opolska 60 Arge
2024-01-12 00:48:36,622 DEBUG p.WebScraping [Thread-0] Station Link: /stacje-paliw/bp/bp-malborska-1-krakow/
2024-01-12 00:48:36,622 DEBUG p.WebScraping [Thread-0] Nazwy stacji: Kraków, Malborska 1 BP
2024-01-12 00:48:36,622 DEBUG p.WebScraping [Thread-0] Station Link: /stacje-paliw/pkn-orlen/pkn-orlen-jasnogorska-2b-krakow/
2024-01-12 00:48:36,623 DEBUG p.WebScraping [Thread-0] Nazwy stacji: Kraków, Jasnogórska 2B PKN ORLEN
2024-01-12 00:48:36,623 DEBUG p.WebScraping [Thread-0] Station Link: /stacje-paliw/pkn-orlen/pkn-orlen-stefana-grota-roweckiego-33-krakow/
2024-01-12 00:48:36,623 DEBUG p.WebScraping [Thread-0] Nazwy stacji: Kraków, Stefana Grota-Roweckiego 33 PKN ORLEN
2024-01-12 00:48:36,623 DEBUG p.WebScraping [Thread-0] Station Link: /stacje-paliw/bp/bp-kamienskiego-57-krakow/
2024-01-12 00:48:36,623 DEBUG p.WebScraping [Thread-0] Nazwy stacji: Kraków, Kamieńskiego 57 BP
2024-01-12 00:48:36,623 DEBUG p.WebScraping [Thread-0] Station Link: /stacje-paliw/carrefour/carrefour-mieczyslawa-medweckiego-2-krakow/
2024-01-12 00:48:36,624 DEBUG p.WebScraping [Thread-0] Nazwy stacji: Kraków, Mieczysława Medweckiego 2 Carrefour
2024-01-12 00:48:36,624 DEBUG p.WebScraping [Thread-0] Station Link: /stacje-paliw/auchan/auchan-henryka-kamienskiego-11-krakow/
2024-01-12 00:48:36,624 DEBUG p.WebScraping [Thread-0] Nazwy stacji: Kraków, Henryka Kamieńskiego 11 Auchan
2024-01-12 00:48:36,624 DEBUG p.WebScraping [Thread-0] Station Link: /stacje-paliw/bp/bp-aleja-bora-komorowskiego-4-krakow/
2024-01-12 00:48:36,625 DEBUG p.WebScraping [Thread-0] Nazwy stacji: Kraków, Aleja Bora-Komorowskiego 4 BP
2024-01-12 00:48:36,625 DEBUG p.WebScraping [Thread-0] Station Link: /stacje-paliw/mpo/mpo-nowohucka-1-krakow/
2024-01-12 00:48:36,625 DEBUG p.WebScraping [Thread-0] Nazwy stacji: Kraków, Nowohucka 1 MPO
2024-01-12 00:48:36,625 DEBUG p.WebScraping [Thread-0] Station Link: /stacje-paliw/lotos/lotos-gen-leopolda-okulickiego-61-krakow/
2024-01-12 00:48:36,625 DEBUG p.WebScraping [Thread-0] Nazwy stacji: Kraków, Gen. Leopolda Okulickiego 61 Lotos
2024-01-12 00:48:36,625 DEBUG p.WebScraping [Thread-0] Station Link: /stacje-paliw/pkn-orlen/pkn-orlen-autostrada-a4-kierunek-krakow-jaworzno/
2024-01-12 00:48:36,626 DEBUG p.WebScraping [Thread-0] Station Link: /stacje-paliw/pkn-orlen/pkn-orlen-zawila-62-krakow/
2024-01-12 00:48:36,626 DEBUG p.WebScraping [Thread-0] Nazwy stacji: Kraków, Zawiła 62 PKN ORLEN
2024-01-12 00:48:36,626 INFO p.WebScraping [Thread-0] Link z adresu w tablicy: [/stacje-paliw/bp/bp-zakopianska-107-krakow/, /stacje-paliw/lotos/lotos-dk7-opolska-5-krakow/, /stacje-paliw/pkn-orlen/pkn-orlen-wielicka-21-krakow/, /stacje-paliw/pkn-orlen/pkn-orlen-os-wandy-30a-krakow/, /stacje-paliw/valdi/valdi-nad-dlubnia-2-krakow/, /stacje-paliw/arge/arge-powstancow-wielkopolskich-13-krakow/, /stacje-paliw/lotos/lotos-aleja-pokoju-91-krakow/, /stacje-paliw/shell/shell-jana-pawla-ii-186-krakow/, /stacje-paliw/circle-k-statoil/circle-k-statoil-aleja-jana-pawla-ii-200-krakow/, /stacje-paliw/circle-k-statoil/circle-k-statoil-lublanska-16a-krakow/, /stacje-paliw/circle-k-statoil/circle-k-statoil-powstancow-wielkopolskich-17-krakow/, /stacje-paliw/lotos-optima/lotos-optima-nowohucka-17-krakow/, /stacje-paliw/moya/moya-feliksa-wrobela-35-krakow/, /stacje-paliw/bp/bp-aleja-bora-komorowskiego-39-krakow/, /stacje-paliw/pkn-orlen/pkn-orlen-zakopianska-58-krakow/, /stacje-paliw/krak-tar/krak-tar-ujastek-11-krakow/, /stacje-paliw/pkn-orlen/pkn-orlen-erazma-jerzmanowskiego-39-krakow/, /stacje-paliw/tesco/tesco-kapelanka-54-krakow/, /stacje-paliw/arge/arge-opolska-60-krakow/, /stacje-paliw/bp/bp-malborska-1-krakow/, /stacje-paliw/pkn-orlen/pkn-orlen-jasnogorska-2b-krakow/, /stacje-paliw/pkn-orlen/pkn-orlen-stefana-grota-roweckiego-33-krakow/, /stacje-paliw/bp/bp-kamienskiego-57-krakow/, /stacje-paliw/carrefour/carrefour-mieczyslawa-medweckiego-2-krakow/, /stacje-paliw/auchan/auchan-henryka-kamienskiego-11-krakow/, /stacje-paliw/bp/bp-aleja-bora-komorowskiego-4-krakow/, /stacje-paliw/mpo/mpo-nowohucka-1-krakow/, /stacje-paliw/lotos/lotos-gen-leopolda-okulickiego-61-krakow/, /stacje-paliw/pkn-orlen/pkn-orlen-autostrada-a4-kierunek-krakow-jaworzno/, /stacje-paliw/pkn-orlen/pkn-orlen-zawila-62-krakow/]
