2024-01-03 20:02:16,666 INFO WebScrapping [Thread-1] Nazwa z adresu w tablicy: [Kraków, Zakopiańska 107 BP, Kraków, Gen. Leopolda Okulickiego 61 Lotos, Kraków, Zawiła 62 PKN ORLEN, Kraków, Kornela Makuszyńskiego 26 MOYA, Kraków, Siewna 28 Circle K 1-2-3, Kraków, Erazma Jerzmanowskiego 39 PKN ORLEN, Kraków, os.Kolorowe 10 a PKN ORLEN, Kraków, Wielicka 183 Circle K (Statoil), Kraków, Powstańców Wielkopolskich 17 Circle K (Statoil), Kraków, Białoruska 11a Circle K 1-2-3, Kraków, Henryka Kamieńskiego 11 Auchan, Kraków, Mieczysława Medweckiego 2 Carrefour, Kraków, Nowohucka 1 MPO, Kraków, Zakopiańska 58 PKN ORLEN, Kraków, Aleja Pokoju 67 Shell, Kraków, os. Strusia 24 PKN ORLEN, Kraków, Kapelanka 54 Tesco, Kraków, Stefana Grota-Roweckiego 33 PKN ORLEN, Kraków, Feliksa Wrobela 35 MOYA, Kraków, Myśliwska 51 KRAK-TAR, Kraków, Mirowska 201 BP, Kraków, Łużycka 40 PKN ORLEN, Kraków, Jasnogórska 2B PKN ORLEN, Kraków, Wioślarska 1 PKN ORLEN, Kraków, Stanisława Stojałowskiego 1 Shell, Kraków, Opolska 60 Arge, Kraków, Zakopiańska 48 Shell, Kraków, Aleja Bora-Komorowskiego 39 BP, Kraków, Wielicka 21 PKN ORLEN, Kraków, Pasternik 66 Arge, Kraków, Zakopiańska 289 PKN ORLEN, Kraków, Nad Dłubnią 2 VALDI, Kraków, Mogilska 122 PKN ORLEN, Kraków, Józefa Wybickiego 3A PKN ORLEN, Kraków, Josepha Conrada 33 Shell, Kraków, Ujastek 11 KRAK-TAR, Kraków, Aleja Pokoju 65 Shell, Kraków, Karola Łowińskiego 19 Prywatna, Kraków, Aleja 29 listopada 155A Prywatna, Kraków, Bulwarowa 1 BP, Kraków, Blokowa 23 Prywatna, Kraków, Lipska 2 BP, Kraków, Powstańców Wielkopolskich 13 Arge, Kraków, Josepha Conrada 81 BP, Kraków, Aleja Armii Krajowej 10 Circle K (Statoil), Kraków, Kazimierza Wielkiego 121 PKN ORLEN, Kraków, Karola Bunscha 68 PKN ORLEN, Kraków, Prądnicka 32 Prywatna, Kraków, DK7 (Opolska 5) Lotos, Kraków, os. Wandy 30a PKN ORLEN, Kraków, Armii Krajowej 21 A PKN ORLEN, Kraków, Kamienna 18 PKN ORLEN, Kraków, Wadowicka 4 BP, Kraków, Josepha Conrada 36 Shell, Kraków, al. Ignacego Daszyńskiego 33 PKN ORLEN, Kraków, Tyniecka 186 PKN ORLEN, Kraków, Wielicka 77 Shell, Kraków, Malborska 1 BP, Kraków, Kapelanka 30 R8, Kraków, Olszanicka 174 PKN ORLEN, Kraków, Aleja 29 Listopada 125 BP, Kraków, Wielicka 22 Arge, Kraków, Bratysławska 1 Shell, Kraków, Pilotów 4B PKN ORLEN, Kraków, Kamieńskiego 57 BP, Kraków, Lublańska 16A Circle K (Statoil), Kraków, Aleja Andersa/Okulickiego PKN ORLEN, Kraków, Skotnicka 242 PKN ORLEN, Kraków, Makuszyńskiego 26 Prywatna, Kraków, Góra Libertowska 2 Amic, Kraków, Podgórska 32 PKN ORLEN, Kraków, Nowohucka 17 LOTOS Optima, Kraków, Aleja Pokoju 91 Lotos, Kraków, Nowohucka 71 PKN ORLEN]
2024-01-03 20:02:16,668 INFO WebScrapping [Thread-1] Numer storny: 6
2024-01-03 20:02:16,712 DEBUG WebScrapping [Thread-1] Station Link: /stacje-paliw/pkn-orlen/pkn-orlen-centralna-72-krakow/
2024-01-03 20:02:16,712 DEBUG WebScrapping [Thread-1] Station Link: /stacje-paliw/pkn-orlen/pkn-orlen-centralna-72-krakow/
2024-01-03 20:02:16,712 DEBUG WebScrapping [Thread-1] Nazwy stacji: Kraków, Centralna 72 PKN ORLEN
2024-01-03 20:02:16,712 DEBUG WebScrapping [Thread-1] Station Link: /stacje-paliw/shell/shell-marii-konopnickiej-78-krakow/
2024-01-03 20:02:16,712 DEBUG WebScrapping [Thread-1] Station Link: /stacje-paliw/shell/shell-marii-konopnickiej-78-krakow/
2024-01-03 20:02:16,712 DEBUG WebScrapping [Thread-1] Nazwy stacji: Kraków, Marii Konopnickiej 78 Shell
2024-01-03 20:02:16,712 DEBUG WebScrapping [Thread-1] Station Link: /stacje-paliw/circle-k-statoil/circle-k-statoil-aleja-jana-pawla-ii-200-krakow/
2024-01-03 20:02:16,712 DEBUG WebScrapping [Thread-1] Station Link: /stacje-paliw/circle-k-statoil/circle-k-statoil-aleja-jana-pawla-ii-200-krakow/
2024-01-03 20:02:16,712 DEBUG WebScrapping [Thread-1] Nazwy stacji: Kraków, Aleja Jana Pawła II 200 Circle K (Statoil)
2024-01-03 20:02:16,713 DEBUG WebScrapping [Thread-1] Station Link: /stacje-paliw/bp/bp-kapelanka-2-krakow/
2024-01-03 20:02:16,713 DEBUG WebScrapping [Thread-1] Station Link: /stacje-paliw/bp/bp-kapelanka-2-krakow/
2024-01-03 20:02:16,713 DEBUG WebScrapping [Thread-1] Nazwy stacji: Kraków, Kapelanka 2 BP
2024-01-03 20:02:16,713 DEBUG WebScrapping [Thread-1] Station Link: /stacje-paliw/bp/bp-kocmyrzowska-43-krakow/
2024-01-03 20:02:16,713 DEBUG WebScrapping [Thread-1] Station Link: /stacje-paliw/bp/bp-kocmyrzowska-43-krakow/
2024-01-03 20:02:16,713 DEBUG WebScrapping [Thread-1] Nazwy stacji: Kraków, Kocmyrzowska 43 BP
2024-01-03 20:02:16,713 DEBUG WebScrapping [Thread-1] Station Link: /stacje-paliw/shell/shell-aleja-jana-pawla-ii-186-krakow/
2024-01-03 20:02:16,713 DEBUG WebScrapping [Thread-1] Station Link: /stacje-paliw/shell/shell-aleja-jana-pawla-ii-186-krakow/
2024-01-03 20:02:16,713 DEBUG WebScrapping [Thread-1] Nazwy stacji: Kraków, aleja Jana Pawła II 186 Shell
2024-01-03 20:02:16,713 DEBUG WebScrapping [Thread-1] Station Link: /stacje-paliw/lotos-optima/lotos-optima-kapelanka-14-krakow/
2024-01-03 20:02:16,713 DEBUG WebScrapping [Thread-1] Station Link: /stacje-paliw/lotos-optima/lotos-optima-kapelanka-14-krakow/
2024-01-03 20:02:16,713 DEBUG WebScrapping [Thread-1] Nazwy stacji: Kraków, Kapelanka 14 LOTOS Optima
2024-01-03 20:02:16,713 DEBUG WebScrapping [Thread-1] Station Link: /stacje-paliw/stacje-lpg/stacja-lpg-mogilska-118-krakow/
2024-01-03 20:02:16,713 DEBUG WebScrapping [Thread-1] Station Link: /stacje-paliw/stacje-lpg/stacja-lpg-mogilska-118-krakow/
2024-01-03 20:02:16,713 DEBUG WebScrapping [Thread-1] Nazwy stacji: Kraków, Mogilska 118 Stacja LPG
2024-01-03 20:02:16,713 DEBUG WebScrapping [Thread-1] Station Link: /stacje-paliw/amic/lukoil-opolska-9-krakow/
2024-01-03 20:02:16,713 DEBUG WebScrapping [Thread-1] Station Link: /stacje-paliw/amic/lukoil-opolska-9-krakow/
2024-01-03 20:02:16,713 DEBUG WebScrapping [Thread-1] Nazwy stacji: Kraków, Opolska 9 Amic
2024-01-03 20:02:16,713 DEBUG WebScrapping [Thread-1] Station Link: /stacje-paliw/pkn-orlen/pkn-orlen-aleja-pokoju-62-krakow/
2024-01-03 20:02:16,713 DEBUG WebScrapping [Thread-1] Station Link: /stacje-paliw/pkn-orlen/pkn-orlen-aleja-pokoju-62-krakow/
2024-01-03 20:02:16,713 DEBUG WebScrapping [Thread-1] Nazwy stacji: Kraków, Aleja Pokoju 62 PKN ORLEN
2024-01-03 20:02:16,713 DEBUG WebScrapping [Thread-1] Station Link: /stacje-paliw/shell/shell-jana-pawla-ii-186-krakow/
2024-01-03 20:02:16,713 DEBUG WebScrapping [Thread-1] Station Link: /stacje-paliw/shell/shell-jana-pawla-ii-186-krakow/
2024-01-03 20:02:16,713 DEBUG WebScrapping [Thread-1] Nazwy stacji: Kraków, Jana Pawła II 186 Shell
2024-01-03 20:02:16,713 DEBUG WebScrapping [Thread-1] Station Link: /stacje-paliw/pkn-orlen/pkn-orlen-karola-bunscha-20-krakow/
2024-01-03 20:02:16,714 DEBUG WebScrapping [Thread-1] Station Link: /stacje-paliw/pkn-orlen/pkn-orlen-karola-bunscha-20-krakow/
2024-01-03 20:02:16,714 DEBUG WebScrapping [Thread-1] Nazwy stacji: Kraków, Karola Bunscha 20 PKN ORLEN
2024-01-03 20:02:16,714 DEBUG WebScrapping [Thread-1] Station Link: /stacje-paliw/shell/shell-kapelanka-30-krakow/
2024-01-03 20:02:16,714 DEBUG WebScrapping [Thread-1] Station Link: /stacje-paliw/shell/shell-kapelanka-30-krakow/
2024-01-03 20:02:16,714 DEBUG WebScrapping [Thread-1] Nazwy stacji: Kraków, Kapelanka 30 Shell
2024-01-03 20:02:16,714 DEBUG WebScrapping [Thread-1] Station Link: /stacje-paliw/circle-k-statoil/circle-k-statoil-osiedle-dywizjonu-303-21a-krakow/
2024-01-03 20:02:16,714 DEBUG WebScrapping [Thread-1] Station Link: /stacje-paliw/circle-k-statoil/circle-k-statoil-osiedle-dywizjonu-303-21a-krakow/
2024-01-03 20:02:16,714 DEBUG WebScrapping [Thread-1] Nazwy stacji: Kraków, Osiedle Dywizjonu 303 21a Circle K (Statoil)
2024-01-03 20:02:16,714 DEBUG WebScrapping [Thread-1] Station Link: /stacje-paliw/bp/bp-nadbrzezie-1a-krakow/
2024-01-03 20:02:16,714 DEBUG WebScrapping [Thread-1] Station Link: /stacje-paliw/bp/bp-nadbrzezie-1a-krakow/
2024-01-03 20:02:16,714 DEBUG WebScrapping [Thread-1] Nazwy stacji: Kraków, Nadbrzezie 1A BP
