2023-12-28 12:32:43,863 INFO WebScrapping [Thread-0] Nazwa z adresu w tablicy: [Kraków, Gen. Leopolda Okulickiego 61 Lotos, Jaworzno, Autostrada A4, kierunek Kraków PKN ORLEN, Kraków, Zawiła 62 PKN ORLEN, Kraków, Kornela Makuszyńskiego 26 MOYA, Kraków, Siewna 28 Circle K 1-2-3, Kraków, Erazma Jerzmanowskiego 39 PKN ORLEN, Kraków, Wielicka 183 Circle K (Statoil), Kraków, Powstańców Wielkopolskich 17 Circle K (Statoil), Kraków, Białoruska 11a Circle K 1-2-3, Kraków, Henryka Kamieńskiego 11 Auchan, Kraków, Mieczysława Medweckiego 2 Carrefour, Kraków, Zakopiańska 58 PKN ORLEN, Kraków, Aleja Pokoju 67 Shell, Kraków, Nowohucka 1 MPO, Kraków, os. Strusia 24 PKN ORLEN, Kraków, Kapelanka 54 Tesco, Kraków, Stefana Grota-Roweckiego 33 PKN ORLEN, Kraków, Feliksa Wrobela 35 MOYA, Kraków, Myśliwska 51 KRAK-TAR, Kraków, Mirowska 201 BP, Kraków, Łużycka 40 PKN ORLEN, Kraków, Jasnogórska 2B PKN ORLEN, Kraków, Wioślarska 1 PKN ORLEN, Kraków, Stanisława Stojałowskiego 1 Shell, Kraków, Opolska 60 Arge, Kraków, Zakopiańska 48 Shell, Kraków, Aleja Bora-Komorowskiego 39 BP, Kraków, Wielicka 21 PKN ORLEN, Kraków, Pasternik 66 Arge, Kraków, Zakopiańska 289 PKN ORLEN, Kraków, Nad Dłubnią 2 VALDI, Kraków, Mogilska 122 PKN ORLEN, Kraków, Józefa Wybickiego 3A PKN ORLEN, Kraków, Josepha Conrada 33 Shell, Kraków, Ujastek 11 KRAK-TAR, Kraków, Aleja Pokoju 65 Shell, Kraków, Karola Łowińskiego 19 Prywatna, Kraków, Aleja 29 listopada 155A Prywatna, Kraków, Bulwarowa 1 BP, Kraków, Blokowa 23 Prywatna, Kraków, Lipska 2 BP, Kraków, Josepha Conrada 81 BP, Kraków, Aleja Armii Krajowej 10 Circle K (Statoil), Kraków, Zakopiańska 107 BP, Kraków, Kazimierza Wielkiego 121 PKN ORLEN]
2023-12-28 12:32:43,864 INFO WebScrapping [Thread-0] Numer storny: 4
2023-12-28 12:32:43,906 DEBUG WebScrapping [Thread-0] Station Link: /stacje-paliw/pkn-orlen/pkn-orlen-karola-bunscha-68-krakow/
2023-12-28 12:32:43,907 DEBUG WebScrapping [Thread-0] Nazwy stacji: Kraków, Karola Bunscha 68 PKN ORLEN
2023-12-28 12:32:43,907 DEBUG WebScrapping [Thread-0] Station Link: /stacje-paliw/stacje-niezrzeszone/prywatna-pradnicka-32-krakow/
2023-12-28 12:32:43,907 DEBUG WebScrapping [Thread-0] Nazwy stacji: Kraków, Prądnicka 32 Prywatna
2023-12-28 12:32:43,907 DEBUG WebScrapping [Thread-0] Station Link: /stacje-paliw/lotos/lotos-dk7-opolska-5-krakow/
2023-12-28 12:32:43,907 DEBUG WebScrapping [Thread-0] Nazwy stacji: Kraków, DK7 (Opolska 5) Lotos
2023-12-28 12:32:43,907 DEBUG WebScrapping [Thread-0] Station Link: /stacje-paliw/pkn-orlen/pkn-orlen-os-wandy-30a-krakow/
2023-12-28 12:32:43,907 DEBUG WebScrapping [Thread-0] Nazwy stacji: Kraków, os. Wandy 30a PKN ORLEN
2023-12-28 12:32:43,907 DEBUG WebScrapping [Thread-0] Station Link: /stacje-paliw/pkn-orlen/pkn-orlen-armii-krajowej-21-a-krakow/
2023-12-28 12:32:43,907 DEBUG WebScrapping [Thread-0] Nazwy stacji: Kraków, Armii Krajowej 21 A PKN ORLEN
2023-12-28 12:32:43,908 DEBUG WebScrapping [Thread-0] Station Link: /stacje-paliw/pkn-orlen/pkn-orlen-kamienna-18-krakow/
2023-12-28 12:32:43,908 DEBUG WebScrapping [Thread-0] Nazwy stacji: Kraków, Kamienna 18 PKN ORLEN
2023-12-28 12:32:43,908 DEBUG WebScrapping [Thread-0] Station Link: /stacje-paliw/pkn-orlen/pkn-orlen-os-kolorowe-10-a-krakow/
2023-12-28 12:32:43,908 DEBUG WebScrapping [Thread-0] Nazwy stacji: Kraków, os.Kolorowe 10 a PKN ORLEN
2023-12-28 12:32:43,908 DEBUG WebScrapping [Thread-0] Station Link: /stacje-paliw/shell/shell-josepha-conrada-36-krakow/
2023-12-28 12:32:43,908 DEBUG WebScrapping [Thread-0] Nazwy stacji: Kraków, Josepha Conrada 36 Shell
2023-12-28 12:32:43,908 DEBUG WebScrapping [Thread-0] Station Link: /stacje-paliw/pkn-orlen/pkn-orlen-al-ignacego-daszynskiego-33-krakow/
2023-12-28 12:32:43,908 DEBUG WebScrapping [Thread-0] Nazwy stacji: Kraków, al. Ignacego Daszyńskiego 33 PKN ORLEN
2023-12-28 12:32:43,908 DEBUG WebScrapping [Thread-0] Station Link: /stacje-paliw/pkn-orlen/pkn-orlen-tyniecka-186-krakow/
