2024-01-03 12:21:41,366 INFO WebScrapping [Thread-0] Numer storny: 7
2024-01-03 12:21:41,397 DEBUG WebScrapping [Thread-0] Station Link: /stacje-paliw/stacje-niezrzeszone/prywatna-bartosza-glowackiego-56-krakow/
2024-01-03 12:21:41,397 DEBUG WebScrapping [Thread-0] Station Link: /stacje-paliw/stacje-niezrzeszone/prywatna-bartosza-glowackiego-56-krakow/
2024-01-03 12:21:41,398 DEBUG WebScrapping [Thread-0] Nazwy stacji: Kraków, Bartosza Głowackiego 56 Prywatna
2024-01-03 12:21:41,398 DEBUG WebScrapping [Thread-0] Station Link: /stacje-paliw/circle-k-statoil/circle-k-statoil-mogilska-81-krakow/
2024-01-03 12:21:41,398 DEBUG WebScrapping [Thread-0] Station Link: /stacje-paliw/circle-k-statoil/circle-k-statoil-mogilska-81-krakow/
2024-01-03 12:21:41,398 DEBUG WebScrapping [Thread-0] Nazwy stacji: Kraków, Mogilska 81 Circle K (Statoil)
2024-01-03 12:21:41,398 DEBUG WebScrapping [Thread-0] Station Link: /stacje-paliw/lotos/lotos-a4-mop-witowice-kierunek-krakow-witowice/
2024-01-03 12:21:41,398 DEBUG WebScrapping [Thread-0] Station Link: /stacje-paliw/lotos/lotos-a4-mop-witowice-kierunek-krakow-witowice/
2024-01-03 12:21:41,398 DEBUG WebScrapping [Thread-0] Nazwy stacji: Witowice, A4, MOP Witowice, kierunek Kraków Lotos
2024-01-03 12:21:41,398 WARN WebScrapping [Thread-0] Stacja nie znajduje sie w Krakowie
2024-01-03 12:21:41,398 DEBUG WebScrapping [Thread-0] Station Link: /stacje-paliw/stag-gaz/stag-gaz-luzycka-22-krakow/
2024-01-03 12:21:41,398 DEBUG WebScrapping [Thread-0] Station Link: /stacje-paliw/stag-gaz/stag-gaz-luzycka-22-krakow/
2024-01-03 12:21:41,398 DEBUG WebScrapping [Thread-0] Nazwy stacji: Kraków, Łużycka 22 STAG GAZ
2024-01-03 12:21:41,398 DEBUG WebScrapping [Thread-0] Station Link: /stacje-paliw/shell/shell-kryspinow-415-krakow/
2024-01-03 12:21:41,398 DEBUG WebScrapping [Thread-0] Station Link: /stacje-paliw/shell/shell-kryspinow-415-krakow/
2024-01-03 12:21:41,398 DEBUG WebScrapping [Thread-0] Nazwy stacji: Kraków, Kryspinów 415 Shell
2024-01-03 12:21:41,398 DEBUG WebScrapping [Thread-0] Station Link: /stacje-paliw/pkn-orlen/pkn-orlen-igolomska-szymanskiego-30-l-krakow/
2024-01-03 12:21:41,398 DEBUG WebScrapping [Thread-0] Station Link: /stacje-paliw/pkn-orlen/pkn-orlen-igolomska-szymanskiego-30-l-krakow/
2024-01-03 12:21:41,399 DEBUG WebScrapping [Thread-0] Nazwy stacji: Kraków, Igołomska/Szymańskiego 30 L PKN ORLEN
2024-01-03 12:21:41,399 DEBUG WebScrapping [Thread-0] Station Link: /stacje-paliw/stacje-niezrzeszone/prywatna-prandoty-6-krakow/
2024-01-03 12:21:41,399 DEBUG WebScrapping [Thread-0] Station Link: /stacje-paliw/stacje-niezrzeszone/prywatna-prandoty-6-krakow/
2024-01-03 12:21:41,399 DEBUG WebScrapping [Thread-0] Nazwy stacji: Kraków, Prandoty 6 Prywatna
2024-01-03 12:21:41,399 DEBUG WebScrapping [Thread-0] Station Link: /stacje-paliw/shell/shell-igolomska-34-krakow/
2024-01-03 12:21:41,399 DEBUG WebScrapping [Thread-0] Station Link: /stacje-paliw/shell/shell-igolomska-34-krakow/
2024-01-03 12:21:41,399 DEBUG WebScrapping [Thread-0] Nazwy stacji: Kraków, Igołomska 34 Shell
2024-01-03 12:21:41,399 DEBUG WebScrapping [Thread-0] Station Link: /stacje-paliw/pkn-orlen/pkn-orlen-igolomska-24-krakow/
2024-01-03 12:21:41,399 DEBUG WebScrapping [Thread-0] Station Link: /stacje-paliw/pkn-orlen/pkn-orlen-igolomska-24-krakow/
2024-01-03 12:21:41,399 DEBUG WebScrapping [Thread-0] Nazwy stacji: Kraków, Igołomska 24 PKN ORLEN
2024-01-03 12:21:41,399 DEBUG WebScrapping [Thread-0] Station Link: /stacje-paliw/shell/shell-mirowska-krakow/
2024-01-03 12:21:41,399 DEBUG WebScrapping [Thread-0] Station Link: /stacje-paliw/shell/shell-mirowska-krakow/
2024-01-03 12:21:41,399 DEBUG WebScrapping [Thread-0] Nazwy stacji: Kraków, Mirowska Shell
2024-01-03 12:21:41,399 DEBUG WebScrapping [Thread-0] Station Link: /stacje-paliw/stacje-niezrzeszone/prywatna-cystersow-21-krakow/
2024-01-03 12:21:41,399 DEBUG WebScrapping [Thread-0] Station Link: /stacje-paliw/stacje-niezrzeszone/prywatna-cystersow-21-krakow/
2024-01-03 12:21:41,399 DEBUG WebScrapping [Thread-0] Nazwy stacji: Kraków, Cystersów 21 Prywatna
2024-01-03 12:21:41,399 DEBUG WebScrapping [Thread-0] Station Link: /stacje-paliw/stacje-niezrzeszone/prywatna-zawila-krakow/
2024-01-03 12:21:41,399 DEBUG WebScrapping [Thread-0] Station Link: /stacje-paliw/stacje-niezrzeszone/prywatna-zawila-krakow/
2024-01-03 12:21:41,399 DEBUG WebScrapping [Thread-0] Nazwy stacji: Kraków, Zawiła Prywatna
2024-01-03 12:21:41,399 DEBUG WebScrapping [Thread-0] Station Link: /stacje-paliw/r8/r8-pradnicka-30-krakow/
2024-01-03 12:21:41,399 DEBUG WebScrapping [Thread-0] Station Link: /stacje-paliw/r8/r8-pradnicka-30-krakow/
2024-01-03 12:21:41,399 DEBUG WebScrapping [Thread-0] Nazwy stacji: Kraków, Prądnicka 30 R8
2024-01-03 12:21:41,399 DEBUG WebScrapping [Thread-0] Station Link: /stacje-paliw/trans-oil/trans-oil-balicka-56-krakow/
2024-01-03 12:21:41,399 DEBUG WebScrapping [Thread-0] Station Link: /stacje-paliw/trans-oil/trans-oil-balicka-56-krakow/
2024-01-03 12:21:41,399 DEBUG WebScrapping [Thread-0] Nazwy stacji: Kraków, Balicka 56 Trans-Oil
2024-01-03 12:21:41,399 DEBUG WebScrapping [Thread-0] Station Link: /stacje-paliw/prk-krakow/prk-krakow-pollanki-19-krakow/
2024-01-03 12:21:41,399 DEBUG WebScrapping [Thread-0] Station Link: /stacje-paliw/prk-krakow/prk-krakow-pollanki-19-krakow/
2024-01-03 12:21:41,400 DEBUG WebScrapping [Thread-0] Nazwy stacji: Kraków, Półłanki 19 PRK KRAKÓW
2024-01-03 12:21:41,400 INFO WebScrapping [Thread-0] Link z adresu w tablicy: [/stacje-paliw/lotos/lotos-gen-leopolda-okulickiego-61-krakow/, /stacje-paliw/pkn-orlen/pkn-orlen-autostrada-a4-kierunek-krakow-jaworzno/, /stacje-paliw/pkn-orlen/pkn-orlen-zawila-62-krakow/, /stacje-paliw/moya/moya-kornela-makuszynskiego-26-krakow/, /stacje-paliw/circle-k-1-2-3/circle-k-1-2-3-statoil-siewna-28-krakow/, /stacje-paliw/pkn-orlen/pkn-orlen-erazma-jerzmanowskiego-39-krakow/, /stacje-paliw/circle-k-statoil/circle-k-statoil-wielicka-183-krakow/, /stacje-paliw/circle-k-statoil/circle-k-statoil-powstancow-wielkopolskich-17-krakow/, /stacje-paliw/circle-k-1-2-3/circle-k-1-2-3-statoil-bialoruska-11a-krakow/, /stacje-paliw/auchan/auchan-henryka-kamienskiego-11-krakow/, /stacje-paliw/carrefour/carrefour-mieczyslawa-medweckiego-2-krakow/, /stacje-paliw/pkn-orlen/pkn-orlen-zakopianska-58-krakow/, /stacje-paliw/shell/shell-aleja-pokoju-67-krakow/, /stacje-paliw/mpo/mpo-nowohucka-1-krakow/, /stacje-paliw/pkn-orlen/pkn-orlen-os-strusia-24-krakow/, /stacje-paliw/tesco/tesco-kapelanka-54-krakow/, /stacje-paliw/pkn-orlen/pkn-orlen-stefana-grota-roweckiego-33-krakow/, /stacje-paliw/moya/moya-feliksa-wrobela-35-krakow/, /stacje-paliw/krak-tar/krak-tar-mysliwska-51-krakow/, /stacje-paliw/bp/bp-mirowska-201-krakow/, /stacje-paliw/pkn-orlen/pkn-orlen-luzycka-40-krakow/, /stacje-paliw/pkn-orlen/pkn-orlen-jasnogorska-2b-krakow/, /stacje-paliw/pkn-orlen/pkn-orlen-wioslarska-1-krakow/, /stacje-paliw/shell/shell-stanislawa-stojalowskiego-1-krakow/, /stacje-paliw/arge/arge-opolska-60-krakow/, /stacje-paliw/shell/shell-zakopianska-48-krakow/, /stacje-paliw/bp/bp-aleja-bora-komorowskiego-39-krakow/, /stacje-paliw/pkn-orlen/pkn-orlen-wielicka-21-krakow/, /stacje-paliw/arge/arge-pasternik-66-krakow/, /stacje-paliw/pkn-orlen/pkn-orlen-zakopianska-289-krakow/, /stacje-paliw/valdi/valdi-nad-dlubnia-2-krakow/, /stacje-paliw/pkn-orlen/pkn-orlen-mogilska-122-krakow/, /stacje-paliw/pkn-orlen/pkn-orlen-jozefa-wybickiego-3a-krakow/, /stacje-paliw/shell/shell-josepha-conrada-33-krakow/, /stacje-paliw/krak-tar/krak-tar-ujastek-11-krakow/, /stacje-paliw/shell/shell-aleja-pokoju-65-krakow/, /stacje-paliw/stacje-niezrzeszone/prywatna-karola-lowinskiego-19-krakow/, /stacje-paliw/stacje-niezrzeszone/prywatna-aleja-29-listopada-155a-krakow/, /stacje-paliw/bp/bp-bulwarowa-1-krakow/, /stacje-paliw/stacje-niezrzeszone/prywatna-blokowa-23-krakow/, /stacje-paliw/bp/bp-lipska-2-krakow/, /stacje-paliw/bp/bp-josepha-conrada-81-krakow/, /stacje-paliw/circle-k-statoil/circle-k-statoil-aleja-armii-krajowej-10-krakow/, /stacje-paliw/bp/bp-zakopianska-107-krakow/, /stacje-paliw/pkn-orlen/pkn-orlen-kazimierza-wielkiego-121-krakow/, /stacje-paliw/pkn-orlen/pkn-orlen-karola-bunscha-68-krakow/, /stacje-paliw/stacje-niezrzeszone/prywatna-pradnicka-32-krakow/, /stacje-paliw/lotos/lotos-dk7-opolska-5-krakow/, /stacje-paliw/pkn-orlen/pkn-orlen-os-wandy-30a-krakow/, /stacje-paliw/pkn-orlen/pkn-orlen-armii-krajowej-21-a-krakow/, /stacje-paliw/pkn-orlen/pkn-orlen-kamienna-18-krakow/, /stacje-paliw/pkn-orlen/pkn-orlen-os-kolorowe-10-a-krakow/, /stacje-paliw/shell/shell-josepha-conrada-36-krakow/, /stacje-paliw/pkn-orlen/pkn-orlen-al-ignacego-daszynskiego-33-krakow/, /stacje-paliw/pkn-orlen/pkn-orlen-tyniecka-186-krakow/, /stacje-paliw/shell/shell-wielicka-77-krakow/, /stacje-paliw/bp/bp-malborska-1-krakow/, /stacje-paliw/r8/r8-kapelanka-30-krakow/, /stacje-paliw/pkn-orlen/pkn-orlen-olszanicka-174-krakow/, /stacje-paliw/bp/bp-aleja-29-listopada-125-krakow/, /stacje-paliw/arge/arge-wielicka-22-krakow/, /stacje-paliw/shell/shell-bratyslawska-1-krakow/, /stacje-paliw/pkn-orlen/pkn-orlen-pilotow-4b-krakow/, /stacje-paliw/bp/bp-kamienskiego-57-krakow/, /stacje-paliw/circle-k-statoil/circle-k-statoil-lublanska-16a-krakow/, /stacje-paliw/pkn-orlen/pkn-orlen-aleja-andersa-okulickiego-krakow/, /stacje-paliw/pkn-orlen/pkn-orlen-skotnicka-242-krakow/, /stacje-paliw/stacje-niezrzeszone/prywatna-makuszynskiego-26-krakow/, /stacje-paliw/amic/lukoil-gora-libertowska-2-krakow/, /stacje-paliw/pkn-orlen/pkn-orlen-podgorska-32-krakow/, /stacje-paliw/lotos-optima/lotos-optima-nowohucka-17-krakow/, /stacje-paliw/lotos/lotos-aleja-pokoju-91-krakow/, /stacje-paliw/pkn-orlen/pkn-orlen-nowohucka-71-krakow/, /stacje-paliw/pkn-orlen/pkn-orlen-centralna-72-krakow/, /stacje-paliw/shell/shell-marii-konopnickiej-78-krakow/, /stacje-paliw/circle-k-statoil/circle-k-statoil-aleja-jana-pawla-ii-200-krakow/, /stacje-paliw/bp/bp-kocmyrzowska-43-krakow/, /stacje-paliw/shell/shell-aleja-jana-pawla-ii-186-krakow/, /stacje-paliw/lotos-optima/lotos-optima-kapelanka-14-krakow/, /stacje-paliw/stacje-lpg/stacja-lpg-mogilska-118-krakow/, /stacje-paliw/bp/bp-kapelanka-2-krakow/, /stacje-paliw/amic/lukoil-opolska-9-krakow/, /stacje-paliw/pkn-orlen/pkn-orlen-aleja-pokoju-62-krakow/, /stacje-paliw/shell/shell-jana-pawla-ii-186-krakow/, /stacje-paliw/pkn-orlen/pkn-orlen-karola-bunscha-20-krakow/, /stacje-paliw/shell/shell-kapelanka-30-krakow/, /stacje-paliw/circle-k-statoil/circle-k-statoil-osiedle-dywizjonu-303-21a-krakow/, /stacje-paliw/bp/bp-nadbrzezie-1a-krakow/, /stacje-paliw/pkn-orlen/pkn-orlen-wloczkow-5-krakow/, /stacje-paliw/bp/bp-rybitwy-13-krakow/, /stacje-paliw/stacje-niezrzeszone/prywatna-bartosza-glowackiego-56-krakow/, /stacje-paliw/circle-k-statoil/circle-k-statoil-mogilska-81-krakow/, /stacje-paliw/lotos/lotos-a4-mop-witowice-kierunek-krakow-witowice/, /stacje-paliw/stag-gaz/stag-gaz-luzycka-22-krakow/, /stacje-paliw/shell/shell-kryspinow-415-krakow/, /stacje-paliw/pkn-orlen/pkn-orlen-igolomska-szymanskiego-30-l-krakow/, /stacje-paliw/stacje-niezrzeszone/prywatna-prandoty-6-krakow/, /stacje-paliw/shell/shell-igolomska-34-krakow/, /stacje-paliw/pkn-orlen/pkn-orlen-igolomska-24-krakow/, /stacje-paliw/shell/shell-mirowska-krakow/, /stacje-paliw/stacje-niezrzeszone/prywatna-cystersow-21-krakow/, /stacje-paliw/stacje-niezrzeszone/prywatna-zawila-krakow/, /stacje-paliw/r8/r8-pradnicka-30-krakow/, /stacje-paliw/trans-oil/trans-oil-balicka-56-krakow/, /stacje-paliw/prk-krakow/prk-krakow-pollanki-19-krakow/]
