2024-01-12 09:14:04,257 INFO p.MainUI [AWT-EventQueue-0] Selected item: Kraków, Nowohucka 17 LOTOS Optima na indexie: 12
2024-01-12 09:14:04,262 INFO p.MainUI [AWT-EventQueue-0] Link do wybranej stacji: /stacje-paliw/lotos-optima/lotos-optima-nowohucka-17-krakow/
2024-01-12 09:14:04,262 INFO p.ScrapingStation [AWT-EventQueue-0] Tutaj jest adres: https://www.autocentrum.pl/stacje-paliw/lotos-optima/lotos-optima-nowohucka-17-krakow/
2024-01-12 09:14:05,052 INFO p.ScrapingStation [AWT-EventQueue-0] Tutaj znajduje sie zmienna prices: <div class="station-detail-wrapper pb text-center">
 <h2 class="fuel-header primary-header">95</h2>
 <div class="price">
  6,37 <span>zł</span>
 </div>
 <div class="date">
  2 dni temu
 </div>
</div>
<div class="station-detail-wrapper on text-center">
 <h2 class="fuel-header primary-header">ON</h2>
 <div class="price">
  6,12 <span>zł</span>
 </div>
 <div class="date">
  dawno temu
 </div>
</div>
<div class="station-detail-wrapper onp text-center premium">
 <h2 class="fuel-header primary-header">Dynamic ON</h2>
 <div class="price">
  6,37 <span>zł</span>
 </div>
 <div class="date">
  dawno temu
 </div>
</div>
<div class="station-detail-wrapper lpg text-center">
 <h2 class="fuel-header primary-header">LPG</h2>
 <div class="price">
  2,82 <span>zł</span>
 </div>
 <div class="date">
  dawno temu
 </div>
</div>
2024-01-12 09:14:05,053 INFO p.ScrapingStation [AWT-EventQueue-0] Tutaj jest tytuł: 95 oraz cena: 6,37 zł
2024-01-12 09:14:05,053 INFO p.ScrapingStation [AWT-EventQueue-0] Tutaj jest tytuł: ON oraz cena: 6,12 zł
2024-01-12 09:14:05,053 INFO p.ScrapingStation [AWT-EventQueue-0] Tutaj jest tytuł: Dynamic ON oraz cena: 6,37 zł
2024-01-12 09:14:05,053 INFO p.ScrapingStation [AWT-EventQueue-0] Tutaj jest tytuł: LPG oraz cena: 2,82 zł
2024-01-12 09:14:43,975 INFO p.MainUI [SwingWorker-pool-2-thread-4] Wprowadzona wartość tekstowego: Kazimierza Wielkiego
2024-01-12 09:14:43,976 INFO p.ScrapingClass [Thread-3] Wartosc adresu: Kazimierza Wielkiego
2024-01-12 09:14:44,889 INFO p.WebScraping [Thread-3] Liczba stron: 1
2024-01-12 09:14:44,889 INFO p.WebScraping [Thread-3] Numer storny: 1
2024-01-12 09:14:44,953 DEBUG p.WebScraping [Thread-3] Station Link: /stacje-paliw/pkn-orlen/pkn-orlen-kazimierza-wielkiego-121-krakow/
2024-01-12 09:14:44,953 DEBUG p.WebScraping [Thread-3] Nazwy stacji: Kraków, Kazimierza Wielkiego 121 PKN ORLEN
2024-01-12 09:14:44,953 INFO p.WebScraping [Thread-3] Link z adresu w tablicy: [/stacje-paliw/pkn-orlen/pkn-orlen-kazimierza-wielkiego-121-krakow/]
2024-01-12 09:14:44,954 INFO p.WebScraping [Thread-3] Nazwa z adresu w tablicy: [Kraków, Kazimierza Wielkiego 121 PKN ORLEN]
2024-01-12 09:14:44,954 INFO p.ScrapingClass [Thread-3] Sprawdzenie addressNames w klasie ScrapingClass: [Kraków, Kazimierza Wielkiego 121 PKN ORLEN]
2024-01-12 09:14:44,954 INFO p.MainUI [SwingWorker-pool-2-thread-4] Sprawdzenie addresList: [Kraków, Kazimierza Wielkiego 121 PKN ORLEN]
2024-01-12 09:14:48,528 INFO p.MainUI [AWT-EventQueue-0] Selected item: Kraków, Kazimierza Wielkiego 121 PKN ORLEN na indexie: 0
2024-01-12 09:14:48,528 INFO p.MainUI [AWT-EventQueue-0] Link do wybranej stacji: /stacje-paliw/pkn-orlen/pkn-orlen-kazimierza-wielkiego-121-krakow/
2024-01-12 09:14:48,528 INFO p.ScrapingStation [AWT-EventQueue-0] Tutaj jest adres: https://www.autocentrum.pl/stacje-paliw/pkn-orlen/pkn-orlen-kazimierza-wielkiego-121-krakow/
2024-01-12 09:14:49,363 INFO p.ScrapingStation [AWT-EventQueue-0] Tutaj znajduje sie zmienna prices: <div class="station-detail-wrapper pb text-center">
 <h2 class="fuel-header primary-header">95</h2>
 <div class="price">
  6,36 <span>zł</span>
 </div>
 <div class="date">
  1 miesiąc temu
 </div>
</div>
<div class="station-detail-wrapper pbp text-center premium">
 <h2 class="fuel-header primary-header">Verva 98</h2>
 <div class="price">
  6,50 <span>zł</span>
 </div>
 <div class="date">
  dawno temu
 </div>
</div>
<div class="station-detail-wrapper on text-center">
 <h2 class="fuel-header primary-header">Ekodiesel</h2>
 <div class="price">
  6,44 <span>zł</span>
 </div>
 <div class="date">
  1 miesiąc temu
 </div>
</div>
<div class="station-detail-wrapper onp text-center premium">
 <h2 class="fuel-header primary-header">Verva ON</h2>
 <div class="price">
  6,60 <span>zł</span>
 </div>
 <div class="date">
  1 miesiąc temu
 </div>
</div>
<div class="station-detail-wrapper lpg text-center">
 <h2 class="fuel-header primary-header">LPG</h2>
 <div class="price">
  2,97 <span>zł</span>
 </div>
 <div class="date">
  1 miesiąc temu
 </div>
</div>
2024-01-12 09:14:49,363 INFO p.ScrapingStation [AWT-EventQueue-0] Tutaj jest tytuł: 95 oraz cena: 6,36 zł
2024-01-12 09:14:49,363 INFO p.ScrapingStation [AWT-EventQueue-0] Tutaj jest tytuł: Verva 98 oraz cena: 6,50 zł
2024-01-12 09:14:49,363 INFO p.ScrapingStation [AWT-EventQueue-0] Tutaj jest tytuł: Ekodiesel oraz cena: 6,44 zł
2024-01-12 09:14:49,363 INFO p.ScrapingStation [AWT-EventQueue-0] Tutaj jest tytuł: Verva ON oraz cena: 6,60 zł
2024-01-12 09:14:49,364 INFO p.ScrapingStation [AWT-EventQueue-0] Tutaj jest tytuł: LPG oraz cena: 2,97 zł
2024-01-12 09:15:08,409 INFO p.MainUI [SwingWorker-pool-2-thread-5] Wprowadzona wartość tekstowego: Nowohucka
2024-01-12 09:15:08,410 INFO p.ScrapingClass [Thread-4] Wartosc adresu: Nowohucka
2024-01-12 09:15:09,131 INFO p.WebScraping [Thread-4] Liczba stron: 1
2024-01-12 09:15:09,132 INFO p.WebScraping [Thread-4] Numer storny: 1
2024-01-12 09:15:09,173 DEBUG p.WebScraping [Thread-4] Station Link: /stacje-paliw/lotos-optima/lotos-optima-nowohucka-17-krakow/
2024-01-12 09:15:09,173 DEBUG p.WebScraping [Thread-4] Nazwy stacji: Kraków, Nowohucka 17 LOTOS Optima
2024-01-12 09:15:09,173 DEBUG p.WebScraping [Thread-4] Station Link: /stacje-paliw/mpo/mpo-nowohucka-1-krakow/
2024-01-12 09:15:09,173 DEBUG p.WebScraping [Thread-4] Nazwy stacji: Kraków, Nowohucka 1 MPO
2024-01-12 09:15:09,173 DEBUG p.WebScraping [Thread-4] Station Link: /stacje-paliw/pkn-orlen/pkn-orlen-nowohucka-71-krakow/
2024-01-12 09:15:09,174 DEBUG p.WebScraping [Thread-4] Nazwy stacji: Kraków, Nowohucka 71 PKN ORLEN
2024-01-12 09:15:09,174 INFO p.WebScraping [Thread-4] Link z adresu w tablicy: [/stacje-paliw/lotos-optima/lotos-optima-nowohucka-17-krakow/, /stacje-paliw/mpo/mpo-nowohucka-1-krakow/, /stacje-paliw/pkn-orlen/pkn-orlen-nowohucka-71-krakow/]
2024-01-12 09:15:09,174 INFO p.WebScraping [Thread-4] Nazwa z adresu w tablicy: [Kraków, Nowohucka 17 LOTOS Optima, Kraków, Nowohucka 1 MPO, Kraków, Nowohucka 71 PKN ORLEN]
2024-01-12 09:15:09,174 INFO p.ScrapingClass [Thread-4] Sprawdzenie addressNames w klasie ScrapingClass: [Kraków, Nowohucka 17 LOTOS Optima, Kraków, Nowohucka 1 MPO, Kraków, Nowohucka 71 PKN ORLEN]
2024-01-12 09:15:09,175 INFO p.MainUI [SwingWorker-pool-2-thread-5] Sprawdzenie addresList: [Kraków, Nowohucka 17 LOTOS Optima, Kraków, Nowohucka 1 MPO, Kraków, Nowohucka 71 PKN ORLEN]
2024-01-12 09:15:27,338 INFO p.MainUI [AWT-EventQueue-0] Selected item: Kraków, Nowohucka 1 MPO na indexie: 1
2024-01-12 09:15:27,339 INFO p.MainUI [AWT-EventQueue-0] Link do wybranej stacji: /stacje-paliw/mpo/mpo-nowohucka-1-krakow/
2024-01-12 09:15:27,339 INFO p.ScrapingStation [AWT-EventQueue-0] Tutaj jest adres: https://www.autocentrum.pl/stacje-paliw/mpo/mpo-nowohucka-1-krakow/
2024-01-12 09:15:28,094 INFO p.ScrapingStation [AWT-EventQueue-0] Tutaj znajduje sie zmienna prices: <div class="station-detail-wrapper pb text-center">
 <h2 class="fuel-header primary-header">95</h2>
 <div class="price">
  6,09 <span>zł</span>
 </div>
 <div class="date">
  14 dni temu
 </div>
</div>
<div class="station-detail-wrapper pbp text-center premium">
 <h2 class="fuel-header primary-header">98</h2>
 <div class="price">
  6,57 <span>zł</span>
 </div>
 <div class="date">
  14 dni temu
 </div>
</div>
<div class="station-detail-wrapper on text-center">
 <h2 class="fuel-header primary-header">ON</h2>
 <div class="price">
  6,25 <span>zł</span>
 </div>
 <div class="date">
  13 dni temu
 </div>
</div>
<div class="station-detail-wrapper lpg text-center">
 <h2 class="fuel-header primary-header">LPG</h2>
 <div class="price">
  2,86 <span>zł</span>
 </div>
 <div class="date">
  9 dni temu
 </div>
</div>
2024-01-12 09:15:28,095 INFO p.ScrapingStation [AWT-EventQueue-0] Tutaj jest tytuł: 95 oraz cena: 6,09 zł
2024-01-12 09:15:28,095 INFO p.ScrapingStation [AWT-EventQueue-0] Tutaj jest tytuł: 98 oraz cena: 6,57 zł
2024-01-12 09:15:28,095 INFO p.ScrapingStation [AWT-EventQueue-0] Tutaj jest tytuł: ON oraz cena: 6,25 zł
2024-01-12 09:15:28,095 INFO p.ScrapingStation [AWT-EventQueue-0] Tutaj jest tytuł: LPG oraz cena: 2,86 zł
