2023-12-28 12:29:40,600 INFO MainUI [AWT-EventQueue-0] Wprowadzona wartosc tekstowego: opolska
2023-12-28 12:29:40,604 DEBUG ScrappingClass [Thread-0] Testowanie klasy ScrappingClass integrujacej WebScrapping z GUI
2023-12-28 12:29:40,604 INFO ScrappingClass [Thread-0] Wartosc adresu: opolska
2023-12-28 12:29:40,953 INFO WebScrapping [Thread-0] Liczba stron: 1
2023-12-28 12:29:40,956 INFO WebScrapping [Thread-0] Numer storny: 1
2023-12-28 12:29:41,003 DEBUG WebScrapping [Thread-0] Station Link: /stacje-paliw/arge/arge-opolska-60-krakow/
2023-12-28 12:29:41,004 DEBUG WebScrapping [Thread-0] Nazwy stacji: Kraków, Opolska 60 Arge
2023-12-28 12:29:41,005 DEBUG WebScrapping [Thread-0] Station Link: /stacje-paliw/lotos/lotos-dk7-opolska-5-krakow/
2023-12-28 12:29:41,007 DEBUG WebScrapping [Thread-0] Nazwy stacji: Kraków, DK7 (Opolska 5) Lotos
2023-12-28 12:29:41,007 DEBUG WebScrapping [Thread-0] Station Link: /stacje-paliw/amic/lukoil-opolska-9-krakow/
2023-12-28 12:29:41,007 DEBUG WebScrapping [Thread-0] Nazwy stacji: Kraków, Opolska 9 Amic
2023-12-28 12:29:41,007 INFO WebScrapping [Thread-0] Link z adresu w tablicy: [/stacje-paliw/arge/arge-opolska-60-krakow/, /stacje-paliw/lotos/lotos-dk7-opolska-5-krakow/, /stacje-paliw/amic/lukoil-opolska-9-krakow/]
2023-12-28 12:29:41,007 INFO WebScrapping [Thread-0] Nazwa z adresu w tablicy: [Kraków, Opolska 60 Arge, Kraków, DK7 (Opolska 5) Lotos, Kraków, Opolska 9 Amic]
2023-12-28 12:29:41,008 INFO ScrappingClass [Thread-0] Sprawdzenie addressNames w klasie ScrappingClass: [Kraków, Opolska 60 Arge, Kraków, DK7 (Opolska 5) Lotos, Kraków, Opolska 9 Amic]
2023-12-28 12:29:41,008 INFO ScrappingClass [Thread-0] Program pomyślnie zakończył działanie
2023-12-28 12:30:32,801 INFO MainUI [AWT-EventQueue-0] Wprowadzona wartosc tekstowa z MainUI: wielicka
2023-12-28 12:30:32,803 DEBUG ScrappingClass [Thread-0] Testowanie klasy ScrappingClass integrujacej WebScrapping z GUI
2023-12-28 12:30:32,803 INFO ScrappingClass [Thread-0] Wartosc adresu: wielicka
2023-12-28 12:30:33,147 INFO WebScrapping [Thread-0] Liczba stron: 1
2023-12-28 12:30:33,150 INFO WebScrapping [Thread-0] Numer storny: 1
2023-12-28 12:30:33,188 DEBUG WebScrapping [Thread-0] Station Link: /stacje-paliw/circle-k-statoil/circle-k-statoil-wielicka-183-krakow/
2023-12-28 12:30:33,189 DEBUG WebScrapping [Thread-0] Nazwy stacji: Kraków, Wielicka 183 Circle K (Statoil)
2023-12-28 12:30:33,189 DEBUG WebScrapping [Thread-0] Station Link: /stacje-paliw/pkn-orlen/pkn-orlen-wielicka-21-krakow/
2023-12-28 12:30:33,189 DEBUG WebScrapping [Thread-0] Nazwy stacji: Kraków, Wielicka 21 PKN ORLEN
2023-12-28 12:30:33,189 DEBUG WebScrapping [Thread-0] Station Link: /stacje-paliw/shell/shell-wielicka-77-krakow/
2023-12-28 12:30:33,190 DEBUG WebScrapping [Thread-0] Nazwy stacji: Kraków, Wielicka 77 Shell
2023-12-28 12:30:33,190 DEBUG WebScrapping [Thread-0] Station Link: /stacje-paliw/arge/arge-wielicka-22-krakow/
2023-12-28 12:30:33,190 DEBUG WebScrapping [Thread-0] Nazwy stacji: Kraków, Wielicka 22 Arge
2023-12-28 12:30:33,190 INFO WebScrapping [Thread-0] Link z adresu w tablicy: [/stacje-paliw/circle-k-statoil/circle-k-statoil-wielicka-183-krakow/, /stacje-paliw/pkn-orlen/pkn-orlen-wielicka-21-krakow/, /stacje-paliw/shell/shell-wielicka-77-krakow/, /stacje-paliw/arge/arge-wielicka-22-krakow/]
2023-12-28 12:30:33,190 INFO WebScrapping [Thread-0] Nazwa z adresu w tablicy: [Kraków, Wielicka 183 Circle K (Statoil), Kraków, Wielicka 21 PKN ORLEN, Kraków, Wielicka 77 Shell, Kraków, Wielicka 22 Arge]
2023-12-28 12:30:33,190 INFO ScrappingClass [Thread-0] Sprawdzenie addressNames w klasie ScrappingClass: [Kraków, Wielicka 183 Circle K (Statoil), Kraków, Wielicka 21 PKN ORLEN, Kraków, Wielicka 77 Shell, Kraków, Wielicka 22 Arge]
2023-12-28 12:30:33,190 INFO ScrappingClass [Thread-0] Program pomyślnie zakończył działanie
2023-12-28 12:31:13,438 INFO MainUI [AWT-EventQueue-0] Wprowadzona wartosc tekstowa z MainUI: kapelanka
2023-12-28 12:31:13,440 DEBUG ScrappingClass [Thread-0] Testowanie klasy ScrappingClass integrujacej WebScrapping z GUI
2023-12-28 12:31:13,440 INFO ScrappingClass [Thread-0] Wartosc adresu: kapelanka
2023-12-28 12:31:13,835 INFO WebScrapping [Thread-0] Liczba stron: 1
2023-12-28 12:31:13,838 INFO WebScrapping [Thread-0] Numer storny: 1
2023-12-28 12:31:13,919 DEBUG WebScrapping [Thread-0] Station Link: /stacje-paliw/tesco/tesco-kapelanka-54-krakow/
2023-12-28 12:31:13,920 DEBUG WebScrapping [Thread-0] Nazwy stacji: Kraków, Kapelanka 54 Tesco
2023-12-28 12:31:13,920 DEBUG WebScrapping [Thread-0] Station Link: /stacje-paliw/r8/r8-kapelanka-30-krakow/
2023-12-28 12:31:13,920 DEBUG WebScrapping [Thread-0] Nazwy stacji: Kraków, Kapelanka 30 R8
2023-12-28 12:31:13,920 DEBUG WebScrapping [Thread-0] Station Link: /stacje-paliw/lotos-optima/lotos-optima-kapelanka-14-krakow/
2023-12-28 12:31:13,921 DEBUG WebScrapping [Thread-0] Nazwy stacji: Kraków, Kapelanka 14 LOTOS Optima
2023-12-28 12:31:13,921 DEBUG WebScrapping [Thread-0] Station Link: /stacje-paliw/bp/bp-kapelanka-2-krakow/
2023-12-28 12:31:13,921 DEBUG WebScrapping [Thread-0] Nazwy stacji: Kraków, Kapelanka 2 BP
2023-12-28 12:31:13,921 DEBUG WebScrapping [Thread-0] Station Link: /stacje-paliw/shell/shell-kapelanka-30-krakow/
2023-12-28 12:31:13,921 DEBUG WebScrapping [Thread-0] Nazwy stacji: Kraków, Kapelanka 30 Shell
2023-12-28 12:31:13,921 INFO WebScrapping [Thread-0] Link z adresu w tablicy: [/stacje-paliw/tesco/tesco-kapelanka-54-krakow/, /stacje-paliw/r8/r8-kapelanka-30-krakow/, /stacje-paliw/lotos-optima/lotos-optima-kapelanka-14-krakow/, /stacje-paliw/bp/bp-kapelanka-2-krakow/, /stacje-paliw/shell/shell-kapelanka-30-krakow/]
2023-12-28 12:31:13,921 INFO WebScrapping [Thread-0] Nazwa z adresu w tablicy: [Kraków, Kapelanka 54 Tesco, Kraków, Kapelanka 30 R8, Kraków, Kapelanka 14 LOTOS Optima, Kraków, Kapelanka 2 BP, Kraków, Kapelanka 30 Shell]
2023-12-28 12:31:13,921 INFO ScrappingClass [Thread-0] Sprawdzenie addressNames w klasie ScrappingClass: [Kraków, Kapelanka 54 Tesco, Kraków, Kapelanka 30 R8, Kraków, Kapelanka 14 LOTOS Optima, Kraków, Kapelanka 2 BP, Kraków, Kapelanka 30 Shell]
2023-12-28 12:31:13,921 INFO ScrappingClass [Thread-0] Program pomyślnie zakończył działanie
2023-12-28 12:31:13,922 INFO MainUI [AWT-EventQueue-0] Sprawdzenie addresList z ScrappingClass: [Kraków, Kapelanka 54 Tesco, Kraków, Kapelanka 30 R8, Kraków, Kapelanka 14 LOTOS Optima, Kraków, Kapelanka 2 BP, Kraków, Kapelanka 30 Shell]
2023-12-28 12:31:41,259 INFO MainUI [AWT-EventQueue-0] Wprowadzona wartosc tekstowa z MainUI: wielicka
2023-12-28 12:31:41,262 DEBUG ScrappingClass [Thread-0] Testowanie klasy ScrappingClass integrujacej WebScrapping z GUI
2023-12-28 12:31:41,263 INFO ScrappingClass [Thread-0] Wartosc adresu: wielicka
2023-12-28 12:31:41,618 INFO WebScrapping [Thread-0] Liczba stron: 1
2023-12-28 12:31:41,620 INFO WebScrapping [Thread-0] Numer storny: 1
2023-12-28 12:31:41,651 DEBUG WebScrapping [Thread-0] Station Link: /stacje-paliw/circle-k-statoil/circle-k-statoil-wielicka-183-krakow/
2023-12-28 12:31:41,653 DEBUG WebScrapping [Thread-0] Nazwy stacji: Kraków, Wielicka 183 Circle K (Statoil)
2023-12-28 12:31:41,653 DEBUG WebScrapping [Thread-0] Station Link: /stacje-paliw/pkn-orlen/pkn-orlen-wielicka-21-krakow/
2023-12-28 12:31:41,653 DEBUG WebScrapping [Thread-0] Nazwy stacji: Kraków, Wielicka 21 PKN ORLEN
2023-12-28 12:31:41,653 DEBUG WebScrapping [Thread-0] Station Link: /stacje-paliw/shell/shell-wielicka-77-krakow/
2023-12-28 12:31:41,653 DEBUG WebScrapping [Thread-0] Nazwy stacji: Kraków, Wielicka 77 Shell
2023-12-28 12:31:41,653 DEBUG WebScrapping [Thread-0] Station Link: /stacje-paliw/arge/arge-wielicka-22-krakow/
2023-12-28 12:31:41,653 DEBUG WebScrapping [Thread-0] Nazwy stacji: Kraków, Wielicka 22 Arge
2023-12-28 12:31:41,654 INFO WebScrapping [Thread-0] Link z adresu w tablicy: [/stacje-paliw/circle-k-statoil/circle-k-statoil-wielicka-183-krakow/, /stacje-paliw/pkn-orlen/pkn-orlen-wielicka-21-krakow/, /stacje-paliw/shell/shell-wielicka-77-krakow/, /stacje-paliw/arge/arge-wielicka-22-krakow/]
2023-12-28 12:31:41,654 INFO WebScrapping [Thread-0] Nazwa z adresu w tablicy: [Kraków, Wielicka 183 Circle K (Statoil), Kraków, Wielicka 21 PKN ORLEN, Kraków, Wielicka 77 Shell, Kraków, Wielicka 22 Arge]
2023-12-28 12:31:41,654 INFO ScrappingClass [Thread-0] Sprawdzenie addressNames w klasie ScrappingClass: [Kraków, Wielicka 183 Circle K (Statoil), Kraków, Wielicka 21 PKN ORLEN, Kraków, Wielicka 77 Shell, Kraków, Wielicka 22 Arge]
2023-12-28 12:31:41,654 INFO ScrappingClass [Thread-0] Program pomyślnie zakończył działanie
2023-12-28 12:31:41,655 INFO MainUI [AWT-EventQueue-0] Sprawdzenie addresList z ScrappingClass: [Kraków, Wielicka 183 Circle K (Statoil), Kraków, Wielicka 21 PKN ORLEN, Kraków, Wielicka 77 Shell, Kraków, Wielicka 22 Arge]
