2024-01-03 12:21:56,687 INFO MainUI [AWT-EventQueue-0] Zmieniono rozmiar, aktualny: 600
2024-01-03 12:21:56,690 DEBUG MainUI [AWT-EventQueue-0] Rozmiar HeaderAddressInput na: 18
2024-01-03 12:21:56,703 INFO MainUI [AWT-EventQueue-0] Zmieniono rozmiar, aktualny: 600
2024-01-03 12:21:56,704 DEBUG MainUI [AWT-EventQueue-0] Rozmiar HeaderAddressInput na: 18
2024-01-03 12:22:03,281 INFO MainUI [AWT-EventQueue-0] Zmieniono rozmiar, aktualny: 1936
2024-01-03 12:22:03,281 DEBUG MainUI [AWT-EventQueue-0] Rozmiar HeaderAddressInput na: 32
2024-01-03 12:22:03,293 INFO MainUI [AWT-EventQueue-0] Zmieniono rozmiar, aktualny: 1936
2024-01-03 12:22:03,293 DEBUG MainUI [AWT-EventQueue-0] Rozmiar HeaderAddressInput na: 32
2024-01-03 12:22:04,666 INFO MainUI [AWT-EventQueue-0] Zmieniono rozmiar, aktualny: 600
2024-01-03 12:22:04,667 DEBUG MainUI [AWT-EventQueue-0] Rozmiar HeaderAddressInput na: 18
2024-01-03 12:22:04,670 INFO MainUI [AWT-EventQueue-0] Zmieniono rozmiar, aktualny: 600
2024-01-03 12:22:04,670 DEBUG MainUI [AWT-EventQueue-0] Rozmiar HeaderAddressInput na: 18
2024-01-03 12:22:12,058 INFO MainUI [AWT-EventQueue-0] Wprowadzona wartosc tekstowa z MainUI: 
2024-01-03 12:22:12,399 INFO WebScrapping [Thread-0] Liczba stron: 10
2024-01-03 12:22:12,401 INFO WebScrapping [Thread-0] Numer storny: 1
2024-01-03 12:22:12,442 DEBUG WebScrapping [Thread-0] Station Link: /stacje-paliw/lotos/lotos-gen-leopolda-okulickiego-61-krakow/
2024-01-03 12:22:12,442 DEBUG WebScrapping [Thread-0] Station Link: /stacje-paliw/lotos/lotos-gen-leopolda-okulickiego-61-krakow/
2024-01-03 12:22:12,443 DEBUG WebScrapping [Thread-0] Nazwy stacji: Kraków, Gen. Leopolda Okulickiego 61 Lotos
2024-01-03 12:22:12,444 DEBUG WebScrapping [Thread-0] Station Link: /stacje-paliw/pkn-orlen/pkn-orlen-autostrada-a4-kierunek-krakow-jaworzno/
2024-01-03 12:22:12,444 DEBUG WebScrapping [Thread-0] Station Link: /stacje-paliw/pkn-orlen/pkn-orlen-autostrada-a4-kierunek-krakow-jaworzno/
2024-01-03 12:22:12,444 DEBUG WebScrapping [Thread-0] Nazwy stacji: Jaworzno, Autostrada A4, kierunek Kraków PKN ORLEN
2024-01-03 12:22:12,444 WARN WebScrapping [Thread-0] Stacja nie znajduje sie w Krakowie
2024-01-03 12:22:12,444 DEBUG WebScrapping [Thread-0] Station Link: /stacje-paliw/pkn-orlen/pkn-orlen-zawila-62-krakow/
2024-01-03 12:22:12,444 DEBUG WebScrapping [Thread-0] Station Link: /stacje-paliw/pkn-orlen/pkn-orlen-zawila-62-krakow/
2024-01-03 12:22:12,444 DEBUG WebScrapping [Thread-0] Nazwy stacji: Kraków, Zawiła 62 PKN ORLEN
2024-01-03 12:22:12,444 DEBUG WebScrapping [Thread-0] Station Link: /stacje-paliw/moya/moya-kornela-makuszynskiego-26-krakow/
2024-01-03 12:22:12,445 DEBUG WebScrapping [Thread-0] Station Link: /stacje-paliw/moya/moya-kornela-makuszynskiego-26-krakow/
2024-01-03 12:22:12,445 DEBUG WebScrapping [Thread-0] Nazwy stacji: Kraków, Kornela Makuszyńskiego 26 MOYA
2024-01-03 12:22:12,445 DEBUG WebScrapping [Thread-0] Station Link: /stacje-paliw/circle-k-1-2-3/circle-k-1-2-3-statoil-siewna-28-krakow/
2024-01-03 12:22:12,445 DEBUG WebScrapping [Thread-0] Station Link: /stacje-paliw/circle-k-1-2-3/circle-k-1-2-3-statoil-siewna-28-krakow/
2024-01-03 12:22:12,445 DEBUG WebScrapping [Thread-0] Nazwy stacji: Kraków, Siewna 28 Circle K 1-2-3
2024-01-03 12:22:12,445 DEBUG WebScrapping [Thread-0] Station Link: /stacje-paliw/pkn-orlen/pkn-orlen-erazma-jerzmanowskiego-39-krakow/
2024-01-03 12:22:12,445 DEBUG WebScrapping [Thread-0] Station Link: /stacje-paliw/pkn-orlen/pkn-orlen-erazma-jerzmanowskiego-39-krakow/
2024-01-03 12:22:12,445 DEBUG WebScrapping [Thread-0] Nazwy stacji: Kraków, Erazma Jerzmanowskiego 39 PKN ORLEN
2024-01-03 12:22:12,446 DEBUG WebScrapping [Thread-0] Station Link: /stacje-paliw/circle-k-statoil/circle-k-statoil-wielicka-183-krakow/
2024-01-03 12:22:12,446 DEBUG WebScrapping [Thread-0] Station Link: /stacje-paliw/circle-k-statoil/circle-k-statoil-wielicka-183-krakow/
2024-01-03 12:22:12,446 DEBUG WebScrapping [Thread-0] Nazwy stacji: Kraków, Wielicka 183 Circle K (Statoil)
2024-01-03 12:22:12,446 DEBUG WebScrapping [Thread-0] Station Link: /stacje-paliw/circle-k-statoil/circle-k-statoil-powstancow-wielkopolskich-17-krakow/
2024-01-03 12:22:12,446 DEBUG WebScrapping [Thread-0] Station Link: /stacje-paliw/circle-k-statoil/circle-k-statoil-powstancow-wielkopolskich-17-krakow/
2024-01-03 12:22:12,446 DEBUG WebScrapping [Thread-0] Nazwy stacji: Kraków, Powstańców Wielkopolskich 17 Circle K (Statoil)
2024-01-03 12:22:12,446 DEBUG WebScrapping [Thread-0] Station Link: /stacje-paliw/circle-k-1-2-3/circle-k-1-2-3-statoil-bialoruska-11a-krakow/
2024-01-03 12:22:12,446 DEBUG WebScrapping [Thread-0] Station Link: /stacje-paliw/circle-k-1-2-3/circle-k-1-2-3-statoil-bialoruska-11a-krakow/
2024-01-03 12:22:12,446 DEBUG WebScrapping [Thread-0] Nazwy stacji: Kraków, Białoruska 11a Circle K 1-2-3
2024-01-03 12:22:12,446 DEBUG WebScrapping [Thread-0] Station Link: /stacje-paliw/auchan/auchan-henryka-kamienskiego-11-krakow/
2024-01-03 12:22:12,447 DEBUG WebScrapping [Thread-0] Station Link: /stacje-paliw/auchan/auchan-henryka-kamienskiego-11-krakow/
2024-01-03 12:22:12,447 DEBUG WebScrapping [Thread-0] Nazwy stacji: Kraków, Henryka Kamieńskiego 11 Auchan
2024-01-03 12:22:12,447 DEBUG WebScrapping [Thread-0] Station Link: /stacje-paliw/carrefour/carrefour-mieczyslawa-medweckiego-2-krakow/
2024-01-03 12:22:12,447 DEBUG WebScrapping [Thread-0] Station Link: /stacje-paliw/carrefour/carrefour-mieczyslawa-medweckiego-2-krakow/
2024-01-03 12:22:12,447 DEBUG WebScrapping [Thread-0] Nazwy stacji: Kraków, Mieczysława Medweckiego 2 Carrefour
2024-01-03 12:22:12,447 DEBUG WebScrapping [Thread-0] Station Link: /stacje-paliw/pkn-orlen/pkn-orlen-zakopianska-58-krakow/
2024-01-03 12:22:12,447 DEBUG WebScrapping [Thread-0] Station Link: /stacje-paliw/pkn-orlen/pkn-orlen-zakopianska-58-krakow/
2024-01-03 12:22:12,447 DEBUG WebScrapping [Thread-0] Nazwy stacji: Kraków, Zakopiańska 58 PKN ORLEN
2024-01-03 12:22:12,447 DEBUG WebScrapping [Thread-0] Station Link: /stacje-paliw/shell/shell-aleja-pokoju-67-krakow/
2024-01-03 12:22:12,447 DEBUG WebScrapping [Thread-0] Station Link: /stacje-paliw/shell/shell-aleja-pokoju-67-krakow/
2024-01-03 12:22:12,448 DEBUG WebScrapping [Thread-0] Nazwy stacji: Kraków, Aleja Pokoju 67 Shell
2024-01-03 12:22:12,448 DEBUG WebScrapping [Thread-0] Station Link: /stacje-paliw/mpo/mpo-nowohucka-1-krakow/
2024-01-03 12:22:12,448 DEBUG WebScrapping [Thread-0] Station Link: /stacje-paliw/mpo/mpo-nowohucka-1-krakow/
2024-01-03 12:22:12,448 DEBUG WebScrapping [Thread-0] Nazwy stacji: Kraków, Nowohucka 1 MPO
2024-01-03 12:22:12,448 DEBUG WebScrapping [Thread-0] Station Link: /stacje-paliw/pkn-orlen/pkn-orlen-os-strusia-24-krakow/
2024-01-03 12:22:12,448 DEBUG WebScrapping [Thread-0] Station Link: /stacje-paliw/pkn-orlen/pkn-orlen-os-strusia-24-krakow/
2024-01-03 12:22:12,448 DEBUG WebScrapping [Thread-0] Nazwy stacji: Kraków, os. Strusia 24 PKN ORLEN
2024-01-03 12:22:12,448 INFO WebScrapping [Thread-0] Link z adresu w tablicy: [/stacje-paliw/lotos/lotos-gen-leopolda-okulickiego-61-krakow/, /stacje-paliw/pkn-orlen/pkn-orlen-autostrada-a4-kierunek-krakow-jaworzno/, /stacje-paliw/pkn-orlen/pkn-orlen-zawila-62-krakow/, /stacje-paliw/moya/moya-kornela-makuszynskiego-26-krakow/, /stacje-paliw/circle-k-1-2-3/circle-k-1-2-3-statoil-siewna-28-krakow/, /stacje-paliw/pkn-orlen/pkn-orlen-erazma-jerzmanowskiego-39-krakow/, /stacje-paliw/circle-k-statoil/circle-k-statoil-wielicka-183-krakow/, /stacje-paliw/circle-k-statoil/circle-k-statoil-powstancow-wielkopolskich-17-krakow/, /stacje-paliw/circle-k-1-2-3/circle-k-1-2-3-statoil-bialoruska-11a-krakow/, /stacje-paliw/auchan/auchan-henryka-kamienskiego-11-krakow/, /stacje-paliw/carrefour/carrefour-mieczyslawa-medweckiego-2-krakow/, /stacje-paliw/pkn-orlen/pkn-orlen-zakopianska-58-krakow/, /stacje-paliw/shell/shell-aleja-pokoju-67-krakow/, /stacje-paliw/mpo/mpo-nowohucka-1-krakow/, /stacje-paliw/pkn-orlen/pkn-orlen-os-strusia-24-krakow/]
